[0.008s] Invoking command in '/home/may/ros2_study/ros2_ws/build/my_robot_description': CMAKE_PREFIX_PATH=${CMAKE_PREFIX_PATH}:/home/may/ros2_ws/install/my_py_pkg:/opt/ros/jazzy DEBUGINFOD_URLS=https://debuginfod.ubuntu.com /usr/bin/cmake --build /home/may/ros2_study/ros2_ws/build/my_robot_description -- -j16 -l16
[0.081s] Invoked command in '/home/may/ros2_study/ros2_ws/build/my_robot_description' returned '0': CMAKE_PREFIX_PATH=${CMAKE_PREFIX_PATH}:/home/may/ros2_ws/install/my_py_pkg:/opt/ros/jazzy DEBUGINFOD_URLS=https://debuginfod.ubuntu.com /usr/bin/cmake --build /home/may/ros2_study/ros2_ws/build/my_robot_description -- -j16 -l16
[0.097s] Invoking command in '/home/may/ros2_study/ros2_ws/build/my_robot_description': CMAKE_PREFIX_PATH=${CMAKE_PREFIX_PATH}:/home/may/ros2_ws/install/my_py_pkg:/opt/ros/jazzy DEBUGINFOD_URLS=https://debuginfod.ubuntu.com /usr/bin/cmake --install /home/may/ros2_study/ros2_ws/build/my_robot_description
[0.108s] -- Install configuration: ""
[0.108s] -- Execute custom install script
[0.108s] -- Symlinking: /home/may/ros2_study/ros2_ws/install/my_robot_description/share/my_robot_description//urdf/common_properties.xacro
[0.129s] -- Symlinking: /home/may/ros2_study/ros2_ws/install/my_robot_description/share/my_robot_description//urdf/mobile_base.xacro
[0.151s] -- Up-to-date symlink: /home/may/ros2_study/ros2_ws/install/my_robot_description/share/my_robot_description//urdf/my_robot.urdf.xacro
[0.151s] -- Up-to-date symlink: /home/may/ros2_study/ros2_ws/install/my_robot_description/share/my_robot_description//launch/display.launch.py
[0.151s] -- Up-to-date symlink: /home/may/ros2_study/ros2_ws/install/my_robot_description/share/my_robot_description//launch/display.launch.xml
[0.151s] -- Up-to-date symlink: /home/may/ros2_study/ros2_ws/install/my_robot_description/share/my_robot_description//rviz/urdf_config.rviz
[0.151s] -- Up-to-date symlink: /home/may/ros2_study/ros2_ws/install/my_robot_description/share/ament_index/resource_index/package_run_dependencies/my_robot_description
[0.152s] -- Up-to-date symlink: /home/may/ros2_study/ros2_ws/install/my_robot_description/share/ament_index/resource_index/parent_prefix_path/my_robot_description
[0.152s] -- Up-to-date symlink: /home/may/ros2_study/ros2_ws/install/my_robot_description/share/my_robot_description/environment/ament_prefix_path.sh
[0.152s] -- Up-to-date symlink: /home/may/ros2_study/ros2_ws/install/my_robot_description/share/my_robot_description/environment/ament_prefix_path.dsv
[0.152s] -- Up-to-date symlink: /home/may/ros2_study/ros2_ws/install/my_robot_description/share/my_robot_description/environment/path.sh
[0.152s] -- Up-to-date symlink: /home/may/ros2_study/ros2_ws/install/my_robot_description/share/my_robot_description/environment/path.dsv
[0.152s] -- Up-to-date symlink: /home/may/ros2_study/ros2_ws/install/my_robot_description/share/my_robot_description/local_setup.bash
[0.153s] -- Up-to-date symlink: /home/may/ros2_study/ros2_ws/install/my_robot_description/share/my_robot_description/local_setup.sh
[0.153s] -- Up-to-date symlink: /home/may/ros2_study/ros2_ws/install/my_robot_description/share/my_robot_description/local_setup.zsh
[0.153s] -- Up-to-date symlink: /home/may/ros2_study/ros2_ws/install/my_robot_description/share/my_robot_description/local_setup.dsv
[0.153s] -- Symlinking: /home/may/ros2_study/ros2_ws/install/my_robot_description/share/my_robot_description/package.dsv
[0.172s] -- Up-to-date symlink: /home/may/ros2_study/ros2_ws/install/my_robot_description/share/ament_index/resource_index/packages/my_robot_description
[0.172s] -- Up-to-date symlink: /home/may/ros2_study/ros2_ws/install/my_robot_description/share/my_robot_description/cmake/my_robot_descriptionConfig.cmake
[0.172s] -- Up-to-date symlink: /home/may/ros2_study/ros2_ws/install/my_robot_description/share/my_robot_description/cmake/my_robot_descriptionConfig-version.cmake
[0.173s] -- Up-to-date symlink: /home/may/ros2_study/ros2_ws/install/my_robot_description/share/my_robot_description/package.xml
[0.177s] Invoked command in '/home/may/ros2_study/ros2_ws/build/my_robot_description' returned '0': CMAKE_PREFIX_PATH=${CMAKE_PREFIX_PATH}:/home/may/ros2_ws/install/my_py_pkg:/opt/ros/jazzy DEBUGINFOD_URLS=https://debuginfod.ubuntu.com /usr/bin/cmake --install /home/may/ros2_study/ros2_ws/build/my_robot_description
