[0.409s] Invoking command in '/home/may/ros2_study/ROS2/ros2_ws/src/my_py_pkg': DEBUGINFOD_URLS=https://debuginfod.ubuntu.com PYTHONPATH=/home/may/ros2_study/ROS2/ros2_ws/build/my_py_pkg/prefix_override:/usr/lib/python3/dist-packages/colcon_core/task/python/colcon_distutils_commands:/home/may/ros2_study/ROS2/ros2_ws/install/my_py_pkg/lib/python3.12/site-packages:${PYTHONPATH} /usr/bin/python3 -W ignore:setup.py install is deprecated -W ignore:easy_install command is deprecated setup.py egg_info --egg-base ../../build/my_py_pkg build --build-base /home/may/ros2_study/ROS2/ros2_ws/build/my_py_pkg/build install --record /home/may/ros2_study/ROS2/ros2_ws/build/my_py_pkg/install.log --single-version-externally-managed install_data
[0.543s] running egg_info
[0.552s] writing ../../build/my_py_pkg/my_py_pkg.egg-info/PKG-INFO
[0.552s] writing dependency_links to ../../build/my_py_pkg/my_py_pkg.egg-info/dependency_links.txt
[0.552s] writing entry points to ../../build/my_py_pkg/my_py_pkg.egg-info/entry_points.txt
[0.552s] writing requirements to ../../build/my_py_pkg/my_py_pkg.egg-info/requires.txt
[0.553s] writing top-level names to ../../build/my_py_pkg/my_py_pkg.egg-info/top_level.txt
[0.570s] reading manifest file '../../build/my_py_pkg/my_py_pkg.egg-info/SOURCES.txt'
[0.570s] writing manifest file '../../build/my_py_pkg/my_py_pkg.egg-info/SOURCES.txt'
[0.571s] running build
[0.571s] running build_py
[0.571s] copying my_py_pkg/my_first_node.py -> /home/may/ros2_study/ROS2/ros2_ws/build/my_py_pkg/build/lib/my_py_pkg
[0.571s] running install
[0.574s] running install_lib
[0.583s] copying /home/may/ros2_study/ROS2/ros2_ws/build/my_py_pkg/build/lib/my_py_pkg/my_first_node.py -> /home/may/ros2_study/ROS2/ros2_ws/install/my_py_pkg/lib/python3.12/site-packages/my_py_pkg
[0.584s] byte-compiling /home/may/ros2_study/ROS2/ros2_ws/install/my_py_pkg/lib/python3.12/site-packages/my_py_pkg/my_first_node.py to my_first_node.cpython-312.pyc
[0.585s] running install_data
[0.585s] running install_egg_info
[0.594s] removing '/home/may/ros2_study/ROS2/ros2_ws/install/my_py_pkg/lib/python3.12/site-packages/my_py_pkg-0.0.0-py3.12.egg-info' (and everything under it)
[0.595s] Copying ../../build/my_py_pkg/my_py_pkg.egg-info to /home/may/ros2_study/ROS2/ros2_ws/install/my_py_pkg/lib/python3.12/site-packages/my_py_pkg-0.0.0-py3.12.egg-info
[0.595s] running install_scripts
[0.661s] Installing py_node script to /home/may/ros2_study/ROS2/ros2_ws/install/my_py_pkg/lib/my_py_pkg
[0.661s] writing list of installed files to '/home/may/ros2_study/ROS2/ros2_ws/build/my_py_pkg/install.log'
[0.676s] Invoked command in '/home/may/ros2_study/ROS2/ros2_ws/src/my_py_pkg' returned '0': DEBUGINFOD_URLS=https://debuginfod.ubuntu.com PYTHONPATH=/home/may/ros2_study/ROS2/ros2_ws/build/my_py_pkg/prefix_override:/usr/lib/python3/dist-packages/colcon_core/task/python/colcon_distutils_commands:/home/may/ros2_study/ROS2/ros2_ws/install/my_py_pkg/lib/python3.12/site-packages:${PYTHONPATH} /usr/bin/python3 -W ignore:setup.py install is deprecated -W ignore:easy_install command is deprecated setup.py egg_info --egg-base ../../build/my_py_pkg build --build-base /home/may/ros2_study/ROS2/ros2_ws/build/my_py_pkg/build install --record /home/may/ros2_study/ROS2/ros2_ws/build/my_py_pkg/install.log --single-version-externally-managed install_data
