[0.015s] Invoking command in '/home/may/ros2_study/ros2_ws/build/my_robot_description': CMAKE_PREFIX_PATH=${CMAKE_PREFIX_PATH}:/home/may/ros2_ws/install/my_py_pkg:/opt/ros/jazzy DEBUGINFOD_URLS=https://debuginfod.ubuntu.com /usr/bin/cmake /home/may/ros2_study/ros2_ws/src/my_robot_description -DCMAKE_INSTALL_PREFIX=/home/may/ros2_study/ros2_ws/install/my_robot_description
[0.056s] -- Found ament_cmake: 2.5.4 (/opt/ros/jazzy/share/ament_cmake/cmake)
[0.228s] -- Override CMake install command with custom implementation using symlinks instead of copying resources
[0.317s] -- Configuring done (0.3s)
[0.321s] -- Generating done (0.0s)
[0.322s] -- Build files have been written to: /home/may/ros2_study/ros2_ws/build/my_robot_description
[0.324s] Invoked command in '/home/may/ros2_study/ros2_ws/build/my_robot_description' returned '0': CMAKE_PREFIX_PATH=${CMAKE_PREFIX_PATH}:/home/may/ros2_ws/install/my_py_pkg:/opt/ros/jazzy DEBUGINFOD_URLS=https://debuginfod.ubuntu.com /usr/bin/cmake /home/may/ros2_study/ros2_ws/src/my_robot_description -DCMAKE_INSTALL_PREFIX=/home/may/ros2_study/ros2_ws/install/my_robot_description
[0.325s] Invoking command in '/home/may/ros2_study/ros2_ws/build/my_robot_description': CMAKE_PREFIX_PATH=${CMAKE_PREFIX_PATH}:/home/may/ros2_ws/install/my_py_pkg:/opt/ros/jazzy DEBUGINFOD_URLS=https://debuginfod.ubuntu.com /usr/bin/cmake --build /home/may/ros2_study/ros2_ws/build/my_robot_description -- -j16 -l16
[0.368s] Invoked command in '/home/may/ros2_study/ros2_ws/build/my_robot_description' returned '0': CMAKE_PREFIX_PATH=${CMAKE_PREFIX_PATH}:/home/may/ros2_ws/install/my_py_pkg:/opt/ros/jazzy DEBUGINFOD_URLS=https://debuginfod.ubuntu.com /usr/bin/cmake --build /home/may/ros2_study/ros2_ws/build/my_robot_description -- -j16 -l16
[0.382s] Invoking command in '/home/may/ros2_study/ros2_ws/build/my_robot_description': CMAKE_PREFIX_PATH=${CMAKE_PREFIX_PATH}:/home/may/ros2_ws/install/my_py_pkg:/opt/ros/jazzy DEBUGINFOD_URLS=https://debuginfod.ubuntu.com /usr/bin/cmake --install /home/may/ros2_study/ros2_ws/build/my_robot_description
[0.392s] -- Install configuration: ""
[0.393s] -- Execute custom install script
[0.393s] -- Up-to-date symlink: /home/may/ros2_study/ros2_ws/install/my_robot_description/share/my_robot_description//urdf/common_properties.xacro
[0.393s] -- Up-to-date symlink: /home/may/ros2_study/ros2_ws/install/my_robot_description/share/my_robot_description//urdf/mobile_base.xacro
[0.393s] -- Up-to-date symlink: /home/may/ros2_study/ros2_ws/install/my_robot_description/share/my_robot_description//urdf/my_robot.urdf.xacro
[0.393s] -- Up-to-date symlink: /home/may/ros2_study/ros2_ws/install/my_robot_description/share/my_robot_description//launch/display.launch.py
[0.394s] -- Up-to-date symlink: /home/may/ros2_study/ros2_ws/install/my_robot_description/share/my_robot_description//launch/display.launch.xml
[0.394s] -- Up-to-date symlink: /home/may/ros2_study/ros2_ws/install/my_robot_description/share/my_robot_description//rviz/urdf_config.rviz
[0.394s] -- Up-to-date symlink: /home/may/ros2_study/ros2_ws/install/my_robot_description/share/ament_index/resource_index/package_run_dependencies/my_robot_description
[0.394s] -- Up-to-date symlink: /home/may/ros2_study/ros2_ws/install/my_robot_description/share/ament_index/resource_index/parent_prefix_path/my_robot_description
[0.394s] -- Up-to-date symlink: /home/may/ros2_study/ros2_ws/install/my_robot_description/share/my_robot_description/environment/ament_prefix_path.sh
[0.394s] -- Up-to-date symlink: /home/may/ros2_study/ros2_ws/install/my_robot_description/share/my_robot_description/environment/ament_prefix_path.dsv
[0.394s] -- Up-to-date symlink: /home/may/ros2_study/ros2_ws/install/my_robot_description/share/my_robot_description/environment/path.sh
[0.394s] -- Up-to-date symlink: /home/may/ros2_study/ros2_ws/install/my_robot_description/share/my_robot_description/environment/path.dsv
[0.395s] -- Up-to-date symlink: /home/may/ros2_study/ros2_ws/install/my_robot_description/share/my_robot_description/local_setup.bash
[0.395s] -- Up-to-date symlink: /home/may/ros2_study/ros2_ws/install/my_robot_description/share/my_robot_description/local_setup.sh
[0.395s] -- Up-to-date symlink: /home/may/ros2_study/ros2_ws/install/my_robot_description/share/my_robot_description/local_setup.zsh
[0.395s] -- Up-to-date symlink: /home/may/ros2_study/ros2_ws/install/my_robot_description/share/my_robot_description/local_setup.dsv
[0.395s] -- Symlinking: /home/may/ros2_study/ros2_ws/install/my_robot_description/share/my_robot_description/package.dsv
[0.405s] -- Up-to-date symlink: /home/may/ros2_study/ros2_ws/install/my_robot_description/share/ament_index/resource_index/packages/my_robot_description
[0.406s] -- Up-to-date symlink: /home/may/ros2_study/ros2_ws/install/my_robot_description/share/my_robot_description/cmake/my_robot_descriptionConfig.cmake
[0.406s] -- Up-to-date symlink: /home/may/ros2_study/ros2_ws/install/my_robot_description/share/my_robot_description/cmake/my_robot_descriptionConfig-version.cmake
[0.406s] -- Up-to-date symlink: /home/may/ros2_study/ros2_ws/install/my_robot_description/share/my_robot_description/package.xml
[0.409s] Invoked command in '/home/may/ros2_study/ros2_ws/build/my_robot_description' returned '0': CMAKE_PREFIX_PATH=${CMAKE_PREFIX_PATH}:/home/may/ros2_ws/install/my_py_pkg:/opt/ros/jazzy DEBUGINFOD_URLS=https://debuginfod.ubuntu.com /usr/bin/cmake --install /home/may/ros2_study/ros2_ws/build/my_robot_description
