[0.006s] Invoking command in '/home/may/ros2_study/ROS2/ros2_ws/build/my_cpp_pkg': CMAKE_PREFIX_PATH=${CMAKE_PREFIX_PATH}:/home/may/ros2_study/ROS2/ros2_ws/install/my_py_pkg:/opt/ros/jazzy DEBUGINFOD_URLS=https://debuginfod.ubuntu.com /usr/bin/cmake --build /home/may/ros2_study/ROS2/ros2_ws/build/my_cpp_pkg -- -j16 -l16
[0.023s] -- Found ament_cmake: 2.5.4 (/opt/ros/jazzy/share/ament_cmake/cmake)
[0.165s] -- Found rclcpp: 28.1.10 (/opt/ros/jazzy/share/rclcpp/cmake)
[0.180s] -- Found rosidl_generator_c: 4.6.5 (/opt/ros/jazzy/share/rosidl_generator_c/cmake)
[0.185s] -- Found rosidl_generator_cpp: 4.6.5 (/opt/ros/jazzy/share/rosidl_generator_cpp/cmake)
[0.191s] -- Using all available rosidl_typesupport_c: rosidl_typesupport_fastrtps_c;rosidl_typesupport_introspection_c
[0.198s] -- Using all available rosidl_typesupport_cpp: rosidl_typesupport_fastrtps_cpp;rosidl_typesupport_introspection_cpp
[0.232s] -- Found rmw_implementation_cmake: 7.3.2 (/opt/ros/jazzy/share/rmw_implementation_cmake/cmake)
[0.233s] -- Found rmw_fastrtps_cpp: 8.4.2 (/opt/ros/jazzy/share/rmw_fastrtps_cpp/cmake)
[0.276s] -- Using RMW implementation 'rmw_fastrtps_cpp' as default
[0.312s] -- Found example_interfaces: 0.12.0 (/opt/ros/jazzy/share/example_interfaces/cmake)
[0.395s] -- Configuring done (0.4s)
[0.402s] -- Generating done (0.0s)
[0.404s] -- Build files have been written to: /home/may/ros2_study/ROS2/ros2_ws/build/my_cpp_pkg
[0.434s] [ 50%] Built target cpp_node
[0.435s] [ 75%] [32m[1mLinking CXX executable robot_news_station[0m
[0.533s] [100%] Built target robot_news_station
[0.540s] Invoked command in '/home/may/ros2_study/ROS2/ros2_ws/build/my_cpp_pkg' returned '0': CMAKE_PREFIX_PATH=${CMAKE_PREFIX_PATH}:/home/may/ros2_study/ROS2/ros2_ws/install/my_py_pkg:/opt/ros/jazzy DEBUGINFOD_URLS=https://debuginfod.ubuntu.com /usr/bin/cmake --build /home/may/ros2_study/ROS2/ros2_ws/build/my_cpp_pkg -- -j16 -l16
[0.545s] Invoking command in '/home/may/ros2_study/ROS2/ros2_ws/build/my_cpp_pkg': CMAKE_PREFIX_PATH=${CMAKE_PREFIX_PATH}:/home/may/ros2_study/ROS2/ros2_ws/install/my_py_pkg:/opt/ros/jazzy DEBUGINFOD_URLS=https://debuginfod.ubuntu.com /usr/bin/cmake --install /home/may/ros2_study/ROS2/ros2_ws/build/my_cpp_pkg
[0.552s] -- Install configuration: ""
[0.552s] -- Up-to-date: /home/may/ros2_study/ROS2/ros2_ws/install/my_cpp_pkg/lib/my_cpp_pkg/cpp_node
[0.552s] -- Installing: /home/may/ros2_study/ROS2/ros2_ws/install/my_cpp_pkg/lib/my_cpp_pkg/robot_news_station
[0.553s] -- Set non-toolchain portion of runtime path of "/home/may/ros2_study/ROS2/ros2_ws/install/my_cpp_pkg/lib/my_cpp_pkg/robot_news_station" to ""
[0.553s] -- Up-to-date: /home/may/ros2_study/ROS2/ros2_ws/install/my_cpp_pkg/share/ament_index/resource_index/package_run_dependencies/my_cpp_pkg
[0.553s] -- Installing: /home/may/ros2_study/ROS2/ros2_ws/install/my_cpp_pkg/share/ament_index/resource_index/parent_prefix_path/my_cpp_pkg
[0.553s] -- Up-to-date: /home/may/ros2_study/ROS2/ros2_ws/install/my_cpp_pkg/share/my_cpp_pkg/environment/ament_prefix_path.sh
[0.553s] -- Up-to-date: /home/may/ros2_study/ROS2/ros2_ws/install/my_cpp_pkg/share/my_cpp_pkg/environment/ament_prefix_path.dsv
[0.553s] -- Up-to-date: /home/may/ros2_study/ROS2/ros2_ws/install/my_cpp_pkg/share/my_cpp_pkg/environment/path.sh
[0.553s] -- Up-to-date: /home/may/ros2_study/ROS2/ros2_ws/install/my_cpp_pkg/share/my_cpp_pkg/environment/path.dsv
[0.553s] -- Up-to-date: /home/may/ros2_study/ROS2/ros2_ws/install/my_cpp_pkg/share/my_cpp_pkg/local_setup.bash
[0.553s] -- Up-to-date: /home/may/ros2_study/ROS2/ros2_ws/install/my_cpp_pkg/share/my_cpp_pkg/local_setup.sh
[0.553s] -- Up-to-date: /home/may/ros2_study/ROS2/ros2_ws/install/my_cpp_pkg/share/my_cpp_pkg/local_setup.zsh
[0.553s] -- Up-to-date: /home/may/ros2_study/ROS2/ros2_ws/install/my_cpp_pkg/share/my_cpp_pkg/local_setup.dsv
[0.553s] -- Installing: /home/may/ros2_study/ROS2/ros2_ws/install/my_cpp_pkg/share/my_cpp_pkg/package.dsv
[0.554s] -- Up-to-date: /home/may/ros2_study/ROS2/ros2_ws/install/my_cpp_pkg/share/ament_index/resource_index/packages/my_cpp_pkg
[0.554s] -- Up-to-date: /home/may/ros2_study/ROS2/ros2_ws/install/my_cpp_pkg/share/my_cpp_pkg/cmake/my_cpp_pkgConfig.cmake
[0.554s] -- Up-to-date: /home/may/ros2_study/ROS2/ros2_ws/install/my_cpp_pkg/share/my_cpp_pkg/cmake/my_cpp_pkgConfig-version.cmake
[0.554s] -- Up-to-date: /home/may/ros2_study/ROS2/ros2_ws/install/my_cpp_pkg/share/my_cpp_pkg/package.xml
[0.554s] Invoked command in '/home/may/ros2_study/ROS2/ros2_ws/build/my_cpp_pkg' returned '0': CMAKE_PREFIX_PATH=${CMAKE_PREFIX_PATH}:/home/may/ros2_study/ROS2/ros2_ws/install/my_py_pkg:/opt/ros/jazzy DEBUGINFOD_URLS=https://debuginfod.ubuntu.com /usr/bin/cmake --install /home/may/ros2_study/ROS2/ros2_ws/build/my_cpp_pkg
