[0.007s] Invoking command in '/home/may/ros2_study/ROS2/ros2_ws/build/my_robot_bringup': CMAKE_PREFIX_PATH=${CMAKE_PREFIX_PATH}:/opt/ros/jazzy DEBUGINFOD_URLS=https://debuginfod.ubuntu.com /usr/bin/cmake --build /home/may/ros2_study/ROS2/ros2_ws/build/my_robot_bringup -- -j16 -l16
[0.021s] -- Found ament_cmake: 2.5.4 (/opt/ros/jazzy/share/ament_cmake/cmake)
[0.205s] -- Configuring done (0.2s)
[0.206s] -- Generating done (0.0s)
[0.207s] -- Build files have been written to: /home/may/ros2_study/ROS2/ros2_ws/build/my_robot_bringup
[0.224s] Invoked command in '/home/may/ros2_study/ROS2/ros2_ws/build/my_robot_bringup' returned '0': CMAKE_PREFIX_PATH=${CMAKE_PREFIX_PATH}:/opt/ros/jazzy DEBUGINFOD_URLS=https://debuginfod.ubuntu.com /usr/bin/cmake --build /home/may/ros2_study/ROS2/ros2_ws/build/my_robot_bringup -- -j16 -l16
[0.225s] Invoking command in '/home/may/ros2_study/ROS2/ros2_ws/build/my_robot_bringup': CMAKE_PREFIX_PATH=${CMAKE_PREFIX_PATH}:/opt/ros/jazzy DEBUGINFOD_URLS=https://debuginfod.ubuntu.com /usr/bin/cmake --install /home/may/ros2_study/ROS2/ros2_ws/build/my_robot_bringup
[0.231s] -- Install configuration: ""
[0.231s] -- Up-to-date: /home/may/ros2_study/ROS2/ros2_ws/install/my_robot_bringup/share/my_robot_bringup//launch
[0.231s] -- Installing: /home/may/ros2_study/ROS2/ros2_ws/install/my_robot_bringup/share/my_robot_bringup//launch/my_robot_gazebo.launch.xml
[0.231s] -- Installing: /home/may/ros2_study/ROS2/ros2_ws/install/my_robot_bringup/share/my_robot_bringup//config
[0.231s] -- Installing: /home/may/ros2_study/ROS2/ros2_ws/install/my_robot_bringup/share/my_robot_bringup//config/gazebo_bridge.yaml
[0.231s] -- Installing: /home/may/ros2_study/ROS2/ros2_ws/install/my_robot_bringup/share/ament_index/resource_index/package_run_dependencies/my_robot_bringup
[0.232s] -- Up-to-date: /home/may/ros2_study/ROS2/ros2_ws/install/my_robot_bringup/share/ament_index/resource_index/parent_prefix_path/my_robot_bringup
[0.232s] -- Up-to-date: /home/may/ros2_study/ROS2/ros2_ws/install/my_robot_bringup/share/my_robot_bringup/environment/ament_prefix_path.sh
[0.232s] -- Up-to-date: /home/may/ros2_study/ROS2/ros2_ws/install/my_robot_bringup/share/my_robot_bringup/environment/ament_prefix_path.dsv
[0.232s] -- Up-to-date: /home/may/ros2_study/ROS2/ros2_ws/install/my_robot_bringup/share/my_robot_bringup/environment/path.sh
[0.232s] -- Up-to-date: /home/may/ros2_study/ROS2/ros2_ws/install/my_robot_bringup/share/my_robot_bringup/environment/path.dsv
[0.232s] -- Up-to-date: /home/may/ros2_study/ROS2/ros2_ws/install/my_robot_bringup/share/my_robot_bringup/local_setup.bash
[0.232s] -- Up-to-date: /home/may/ros2_study/ROS2/ros2_ws/install/my_robot_bringup/share/my_robot_bringup/local_setup.sh
[0.232s] -- Up-to-date: /home/may/ros2_study/ROS2/ros2_ws/install/my_robot_bringup/share/my_robot_bringup/local_setup.zsh
[0.232s] -- Up-to-date: /home/may/ros2_study/ROS2/ros2_ws/install/my_robot_bringup/share/my_robot_bringup/local_setup.dsv
[0.232s] -- Installing: /home/may/ros2_study/ROS2/ros2_ws/install/my_robot_bringup/share/my_robot_bringup/package.dsv
[0.232s] -- Up-to-date: /home/may/ros2_study/ROS2/ros2_ws/install/my_robot_bringup/share/ament_index/resource_index/packages/my_robot_bringup
[0.232s] -- Up-to-date: /home/may/ros2_study/ROS2/ros2_ws/install/my_robot_bringup/share/my_robot_bringup/cmake/my_robot_bringupConfig.cmake
[0.232s] -- Up-to-date: /home/may/ros2_study/ROS2/ros2_ws/install/my_robot_bringup/share/my_robot_bringup/cmake/my_robot_bringupConfig-version.cmake
[0.232s] -- Installing: /home/may/ros2_study/ROS2/ros2_ws/install/my_robot_bringup/share/my_robot_bringup/package.xml
[0.233s] Invoked command in '/home/may/ros2_study/ROS2/ros2_ws/build/my_robot_bringup' returned '0': CMAKE_PREFIX_PATH=${CMAKE_PREFIX_PATH}:/opt/ros/jazzy DEBUGINFOD_URLS=https://debuginfod.ubuntu.com /usr/bin/cmake --install /home/may/ros2_study/ROS2/ros2_ws/build/my_robot_bringup
