[0.419s] Invoking command in '/home/may/ros2_study/ROS2/ros2_ws/build/my_py_pkg': DEBUGINFOD_URLS=https://debuginfod.ubuntu.com PYTHONPATH=/home/may/ros2_study/ROS2/ros2_ws/build/my_py_pkg/prefix_override:/usr/lib/python3/dist-packages/colcon_core/task/python/colcon_distutils_commands:/home/may/ros2_study/ROS2/ros2_ws/install/my_py_pkg/lib/python3.12/site-packages:${PYTHONPATH} /usr/bin/python3 -W ignore:setup.py install is deprecated -W ignore:easy_install command is deprecated setup.py develop --editable --build-directory /home/may/ros2_study/ROS2/ros2_ws/build/my_py_pkg/build --no-deps symlink_data --force
[0.579s] running develop
[0.671s] running egg_info
[0.680s] writing my_py_pkg.egg-info/PKG-INFO
[0.680s] writing dependency_links to my_py_pkg.egg-info/dependency_links.txt
[0.680s] writing entry points to my_py_pkg.egg-info/entry_points.txt
[0.680s] writing requirements to my_py_pkg.egg-info/requires.txt
[0.680s] writing top-level names to my_py_pkg.egg-info/top_level.txt
[0.698s] reading manifest file 'my_py_pkg.egg-info/SOURCES.txt'
[0.698s] writing manifest file 'my_py_pkg.egg-info/SOURCES.txt'
[0.708s] running build_ext
[0.708s] Creating /home/may/ros2_study/ROS2/ros2_ws/install/my_py_pkg/lib/python3.12/site-packages/my-py-pkg.egg-link (link to .)
[0.708s] Installing py_node script to /home/may/ros2_study/ROS2/ros2_ws/install/my_py_pkg/lib/my_py_pkg
[0.708s] Installing robot_news_station script to /home/may/ros2_study/ROS2/ros2_ws/install/my_py_pkg/lib/my_py_pkg
[0.708s] 
[0.708s] Installed /home/may/ros2_study/ROS2/ros2_ws/build/my_py_pkg
[0.708s] running symlink_data
[0.708s] symbolically linking /home/may/ros2_study/ROS2/ros2_ws/build/my_py_pkg/resource/my_py_pkg -> /home/may/ros2_study/ROS2/ros2_ws/install/my_py_pkg/share/ament_index/resource_index/packages
[0.708s] symbolically linking /home/may/ros2_study/ROS2/ros2_ws/build/my_py_pkg/package.xml -> /home/may/ros2_study/ROS2/ros2_ws/install/my_py_pkg/share/my_py_pkg
[0.725s] Invoked command in '/home/may/ros2_study/ROS2/ros2_ws/build/my_py_pkg' returned '0': DEBUGINFOD_URLS=https://debuginfod.ubuntu.com PYTHONPATH=/home/may/ros2_study/ROS2/ros2_ws/build/my_py_pkg/prefix_override:/usr/lib/python3/dist-packages/colcon_core/task/python/colcon_distutils_commands:/home/may/ros2_study/ROS2/ros2_ws/install/my_py_pkg/lib/python3.12/site-packages:${PYTHONPATH} /usr/bin/python3 -W ignore:setup.py install is deprecated -W ignore:easy_install command is deprecated setup.py develop --editable --build-directory /home/may/ros2_study/ROS2/ros2_ws/build/my_py_pkg/build --no-deps symlink_data --force
