[0.007s] Invoking command in '/home/may/ros2_study/ROS2/ros2_ws/build/my_cpp_pkg': CMAKE_PREFIX_PATH=${CMAKE_PREFIX_PATH}:/home/may/ros2_study/ROS2/ros2_ws/install/my_py_pkg:/opt/ros/jazzy DEBUGINFOD_URLS=https://debuginfod.ubuntu.com /usr/bin/cmake --build /home/may/ros2_study/ROS2/ros2_ws/build/my_cpp_pkg -- -j16 -l16
[0.054s] [ 50%] [32mBuilding CXX object CMakeFiles/cpp_node.dir/src/my_first_node.cpp.o[0m
[1.588s] [100%] [32m[1mLinking CXX executable cpp_node[0m
[1.665s] [100%] Built target cpp_node
[1.672s] Invoked command in '/home/may/ros2_study/ROS2/ros2_ws/build/my_cpp_pkg' returned '0': CMAKE_PREFIX_PATH=${CMAKE_PREFIX_PATH}:/home/may/ros2_study/ROS2/ros2_ws/install/my_py_pkg:/opt/ros/jazzy DEBUGINFOD_URLS=https://debuginfod.ubuntu.com /usr/bin/cmake --build /home/may/ros2_study/ROS2/ros2_ws/build/my_cpp_pkg -- -j16 -l16
[1.678s] Invoking command in '/home/may/ros2_study/ROS2/ros2_ws/build/my_cpp_pkg': CMAKE_PREFIX_PATH=${CMAKE_PREFIX_PATH}:/home/may/ros2_study/ROS2/ros2_ws/install/my_py_pkg:/opt/ros/jazzy DEBUGINFOD_URLS=https://debuginfod.ubuntu.com /usr/bin/cmake --install /home/may/ros2_study/ROS2/ros2_ws/build/my_cpp_pkg
[1.684s] -- Install configuration: ""
[1.684s] -- Installing: /home/may/ros2_study/ROS2/ros2_ws/install/my_cpp_pkg/lib/my_cpp_pkg/cpp_node
[1.684s] -- Set non-toolchain portion of runtime path of "/home/may/ros2_study/ROS2/ros2_ws/install/my_cpp_pkg/lib/my_cpp_pkg/cpp_node" to ""
[1.685s] -- Up-to-date: /home/may/ros2_study/ROS2/ros2_ws/install/my_cpp_pkg/share/ament_index/resource_index/package_run_dependencies/my_cpp_pkg
[1.685s] -- Installing: /home/may/ros2_study/ROS2/ros2_ws/install/my_cpp_pkg/share/ament_index/resource_index/parent_prefix_path/my_cpp_pkg
[1.685s] -- Up-to-date: /home/may/ros2_study/ROS2/ros2_ws/install/my_cpp_pkg/share/my_cpp_pkg/environment/ament_prefix_path.sh
[1.685s] -- Up-to-date: /home/may/ros2_study/ROS2/ros2_ws/install/my_cpp_pkg/share/my_cpp_pkg/environment/ament_prefix_path.dsv
[1.685s] -- Up-to-date: /home/may/ros2_study/ROS2/ros2_ws/install/my_cpp_pkg/share/my_cpp_pkg/environment/path.sh
[1.685s] -- Up-to-date: /home/may/ros2_study/ROS2/ros2_ws/install/my_cpp_pkg/share/my_cpp_pkg/environment/path.dsv
[1.685s] -- Up-to-date: /home/may/ros2_study/ROS2/ros2_ws/install/my_cpp_pkg/share/my_cpp_pkg/local_setup.bash
[1.685s] -- Up-to-date: /home/may/ros2_study/ROS2/ros2_ws/install/my_cpp_pkg/share/my_cpp_pkg/local_setup.sh
[1.685s] -- Up-to-date: /home/may/ros2_study/ROS2/ros2_ws/install/my_cpp_pkg/share/my_cpp_pkg/local_setup.zsh
[1.685s] -- Up-to-date: /home/may/ros2_study/ROS2/ros2_ws/install/my_cpp_pkg/share/my_cpp_pkg/local_setup.dsv
[1.685s] -- Installing: /home/may/ros2_study/ROS2/ros2_ws/install/my_cpp_pkg/share/my_cpp_pkg/package.dsv
[1.685s] -- Up-to-date: /home/may/ros2_study/ROS2/ros2_ws/install/my_cpp_pkg/share/ament_index/resource_index/packages/my_cpp_pkg
[1.685s] -- Up-to-date: /home/may/ros2_study/ROS2/ros2_ws/install/my_cpp_pkg/share/my_cpp_pkg/cmake/my_cpp_pkgConfig.cmake
[1.685s] -- Up-to-date: /home/may/ros2_study/ROS2/ros2_ws/install/my_cpp_pkg/share/my_cpp_pkg/cmake/my_cpp_pkgConfig-version.cmake
[1.685s] -- Up-to-date: /home/may/ros2_study/ROS2/ros2_ws/install/my_cpp_pkg/share/my_cpp_pkg/package.xml
[1.686s] Invoked command in '/home/may/ros2_study/ROS2/ros2_ws/build/my_cpp_pkg' returned '0': CMAKE_PREFIX_PATH=${CMAKE_PREFIX_PATH}:/home/may/ros2_study/ROS2/ros2_ws/install/my_py_pkg:/opt/ros/jazzy DEBUGINFOD_URLS=https://debuginfod.ubuntu.com /usr/bin/cmake --install /home/may/ros2_study/ROS2/ros2_ws/build/my_cpp_pkg
