[0.442s] Invoking command in '/home/may/ros2_study/ROS2/ros2_ws/src/my_py_pkg': DEBUGINFOD_URLS=https://debuginfod.ubuntu.com PYTHONPATH=/home/may/ros2_study/ROS2/ros2_ws/build/my_py_pkg/prefix_override:/usr/lib/python3/dist-packages/colcon_core/task/python/colcon_distutils_commands:/home/may/ros2_study/ROS2/ros2_ws/install/my_py_pkg/lib/python3.12/site-packages:${PYTHONPATH} /usr/bin/python3 -W ignore:setup.py install is deprecated -W ignore:easy_install command is deprecated setup.py egg_info --egg-base ../../build/my_py_pkg build --build-base /home/may/ros2_study/ROS2/ros2_ws/build/my_py_pkg/build install --record /home/may/ros2_study/ROS2/ros2_ws/build/my_py_pkg/install.log --single-version-externally-managed install_data
[0.571s] running egg_info
[0.571s] creating ../../build/my_py_pkg/my_py_pkg.egg-info
[0.579s] writing ../../build/my_py_pkg/my_py_pkg.egg-info/PKG-INFO
[0.579s] writing dependency_links to ../../build/my_py_pkg/my_py_pkg.egg-info/dependency_links.txt
[0.579s] writing requirements to ../../build/my_py_pkg/my_py_pkg.egg-info/requires.txt
[0.579s] writing top-level names to ../../build/my_py_pkg/my_py_pkg.egg-info/top_level.txt
[0.579s] writing manifest file '../../build/my_py_pkg/my_py_pkg.egg-info/SOURCES.txt'
[0.596s] reading manifest file '../../build/my_py_pkg/my_py_pkg.egg-info/SOURCES.txt'
[0.596s] writing manifest file '../../build/my_py_pkg/my_py_pkg.egg-info/SOURCES.txt'
[0.596s] running build
[0.597s] running build_py
[0.597s] creating /home/may/ros2_study/ROS2/ros2_ws/build/my_py_pkg/build
[0.597s] creating /home/may/ros2_study/ROS2/ros2_ws/build/my_py_pkg/build/lib
[0.597s] creating /home/may/ros2_study/ROS2/ros2_ws/build/my_py_pkg/build/lib/my_py_pkg
[0.597s] copying my_py_pkg/__init__.py -> /home/may/ros2_study/ROS2/ros2_ws/build/my_py_pkg/build/lib/my_py_pkg
[0.597s] running install
[0.600s] running install_lib
[0.609s] creating /home/may/ros2_study/ROS2/ros2_ws/install/my_py_pkg/lib/python3.12/site-packages/my_py_pkg
[0.609s] copying /home/may/ros2_study/ROS2/ros2_ws/build/my_py_pkg/build/lib/my_py_pkg/__init__.py -> /home/may/ros2_study/ROS2/ros2_ws/install/my_py_pkg/lib/python3.12/site-packages/my_py_pkg
[0.609s] byte-compiling /home/may/ros2_study/ROS2/ros2_ws/install/my_py_pkg/lib/python3.12/site-packages/my_py_pkg/__init__.py to __init__.cpython-312.pyc
[0.609s] running install_data
[0.609s] creating /home/may/ros2_study/ROS2/ros2_ws/install/my_py_pkg/share/ament_index
[0.609s] creating /home/may/ros2_study/ROS2/ros2_ws/install/my_py_pkg/share/ament_index/resource_index
[0.610s] creating /home/may/ros2_study/ROS2/ros2_ws/install/my_py_pkg/share/ament_index/resource_index/packages
[0.610s] copying resource/my_py_pkg -> /home/may/ros2_study/ROS2/ros2_ws/install/my_py_pkg/share/ament_index/resource_index/packages
[0.610s] copying package.xml -> /home/may/ros2_study/ROS2/ros2_ws/install/my_py_pkg/share/my_py_pkg
[0.610s] running install_egg_info
[0.619s] Copying ../../build/my_py_pkg/my_py_pkg.egg-info to /home/may/ros2_study/ROS2/ros2_ws/install/my_py_pkg/lib/python3.12/site-packages/my_py_pkg-0.0.0-py3.12.egg-info
[0.619s] running install_scripts
[0.680s] writing list of installed files to '/home/may/ros2_study/ROS2/ros2_ws/build/my_py_pkg/install.log'
[0.693s] Invoked command in '/home/may/ros2_study/ROS2/ros2_ws/src/my_py_pkg' returned '0': DEBUGINFOD_URLS=https://debuginfod.ubuntu.com PYTHONPATH=/home/may/ros2_study/ROS2/ros2_ws/build/my_py_pkg/prefix_override:/usr/lib/python3/dist-packages/colcon_core/task/python/colcon_distutils_commands:/home/may/ros2_study/ROS2/ros2_ws/install/my_py_pkg/lib/python3.12/site-packages:${PYTHONPATH} /usr/bin/python3 -W ignore:setup.py install is deprecated -W ignore:easy_install command is deprecated setup.py egg_info --egg-base ../../build/my_py_pkg build --build-base /home/may/ros2_study/ROS2/ros2_ws/build/my_py_pkg/build install --record /home/may/ros2_study/ROS2/ros2_ws/build/my_py_pkg/install.log --single-version-externally-managed install_data
