[0.077s] DEBUG:colcon:Command line arguments: ['/usr/bin/colcon', 'build', '--packages-select', 'my_cpp_pkg']
[0.077s] DEBUG:colcon:Parsed command line arguments: Namespace(log_base=None, log_level=None, verb_name='build', build_base='build', install_base='install', merge_install=False, symlink_install=False, test_result_base=None, continue_on_error=False, executor='parallel', parallel_workers=16, event_handlers=None, ignore_user_meta=False, metas=['./colcon.meta'], base_paths=['.'], packages_ignore=None, packages_ignore_regex=None, paths=None, packages_up_to=None, packages_up_to_regex=None, packages_above=None, packages_above_and_dependencies=None, packages_above_depth=None, packages_select_by_dep=None, packages_skip_by_dep=None, packages_skip_up_to=None, packages_select_build_failed=False, packages_skip_build_finished=False, packages_select_test_failures=False, packages_skip_test_passed=False, packages_select=['my_cpp_pkg'], packages_skip=None, packages_select_regex=None, packages_skip_regex=None, packages_start=None, packages_end=None, allow_overriding=[], cmake_args=None, cmake_target=None, cmake_target_skip_unavailable=False, cmake_clean_cache=False, cmake_clean_first=False, cmake_force_configure=False, ament_cmake_args=None, catkin_cmake_args=None, catkin_skip_building_tests=False, mixin_files=None, mixin=None, verb_parser=<colcon_mixin.mixin.mixin_argument.MixinArgumentDecorator object at 0x7c6c41e1be00>, verb_extension=<colcon_core.verb.build.BuildVerb object at 0x7c6c41e1bbc0>, main=<bound method BuildVerb.main of <colcon_core.verb.build.BuildVerb object at 0x7c6c41e1bbc0>>, mixin_verb=('build',))
[0.106s] Level 1:colcon.colcon_core.package_discovery:discover_packages(colcon_meta) check parameters
[0.106s] Level 1:colcon.colcon_core.package_discovery:discover_packages(recursive) check parameters
[0.107s] Level 1:colcon.colcon_core.package_discovery:discover_packages(ignore) check parameters
[0.107s] Level 1:colcon.colcon_core.package_discovery:discover_packages(path) check parameters
[0.107s] Level 1:colcon.colcon_core.package_discovery:discover_packages(colcon_meta) discover
[0.107s] Level 1:colcon.colcon_core.package_discovery:discover_packages(recursive) discover
[0.107s] INFO:colcon.colcon_core.package_discovery:Crawling recursively for packages in '/home/may/ros2_study/ROS2/ros2_ws'
[0.107s] Level 1:colcon.colcon_core.package_identification:_identify(.) by extensions ['ignore', 'ignore_ament_install']
[0.107s] Level 1:colcon.colcon_core.package_identification:_identify(.) by extension 'ignore'
[0.107s] Level 1:colcon.colcon_core.package_identification:_identify(.) by extension 'ignore_ament_install'
[0.107s] Level 1:colcon.colcon_core.package_identification:_identify(.) by extensions ['colcon_pkg']
[0.107s] Level 1:colcon.colcon_core.package_identification:_identify(.) by extension 'colcon_pkg'
[0.107s] Level 1:colcon.colcon_core.package_identification:_identify(.) by extensions ['colcon_meta']
[0.107s] Level 1:colcon.colcon_core.package_identification:_identify(.) by extension 'colcon_meta'
[0.107s] Level 1:colcon.colcon_core.package_identification:_identify(.) by extensions ['ros']
[0.107s] Level 1:colcon.colcon_core.package_identification:_identify(.) by extension 'ros'
[0.125s] Level 1:colcon.colcon_core.package_identification:_identify(.) by extensions ['cmake', 'python']
[0.125s] Level 1:colcon.colcon_core.package_identification:_identify(.) by extension 'cmake'
[0.125s] Level 1:colcon.colcon_core.package_identification:_identify(.) by extension 'python'
[0.125s] Level 1:colcon.colcon_core.package_identification:_identify(.) by extensions ['python_setup_py']
[0.125s] Level 1:colcon.colcon_core.package_identification:_identify(.) by extension 'python_setup_py'
[0.125s] Level 1:colcon.colcon_core.package_identification:_identify(build) by extensions ['ignore', 'ignore_ament_install']
[0.125s] Level 1:colcon.colcon_core.package_identification:_identify(build) by extension 'ignore'
[0.125s] Level 1:colcon.colcon_core.package_identification:_identify(build) ignored
[0.125s] Level 1:colcon.colcon_core.package_identification:_identify(install) by extensions ['ignore', 'ignore_ament_install']
[0.125s] Level 1:colcon.colcon_core.package_identification:_identify(install) by extension 'ignore'
[0.125s] Level 1:colcon.colcon_core.package_identification:_identify(install) ignored
[0.125s] Level 1:colcon.colcon_core.package_identification:_identify(log) by extensions ['ignore', 'ignore_ament_install']
[0.125s] Level 1:colcon.colcon_core.package_identification:_identify(log) by extension 'ignore'
[0.125s] Level 1:colcon.colcon_core.package_identification:_identify(log) ignored
[0.125s] Level 1:colcon.colcon_core.package_identification:_identify(src) by extensions ['ignore', 'ignore_ament_install']
[0.126s] Level 1:colcon.colcon_core.package_identification:_identify(src) by extension 'ignore'
[0.126s] Level 1:colcon.colcon_core.package_identification:_identify(src) by extension 'ignore_ament_install'
[0.126s] Level 1:colcon.colcon_core.package_identification:_identify(src) by extensions ['colcon_pkg']
[0.126s] Level 1:colcon.colcon_core.package_identification:_identify(src) by extension 'colcon_pkg'
[0.126s] Level 1:colcon.colcon_core.package_identification:_identify(src) by extensions ['colcon_meta']
[0.126s] Level 1:colcon.colcon_core.package_identification:_identify(src) by extension 'colcon_meta'
[0.126s] Level 1:colcon.colcon_core.package_identification:_identify(src) by extensions ['ros']
[0.126s] Level 1:colcon.colcon_core.package_identification:_identify(src) by extension 'ros'
[0.126s] Level 1:colcon.colcon_core.package_identification:_identify(src) by extensions ['cmake', 'python']
[0.126s] Level 1:colcon.colcon_core.package_identification:_identify(src) by extension 'cmake'
[0.126s] Level 1:colcon.colcon_core.package_identification:_identify(src) by extension 'python'
[0.126s] Level 1:colcon.colcon_core.package_identification:_identify(src) by extensions ['python_setup_py']
[0.126s] Level 1:colcon.colcon_core.package_identification:_identify(src) by extension 'python_setup_py'
[0.126s] Level 1:colcon.colcon_core.package_identification:_identify(src/my_cpp_pkg) by extensions ['ignore', 'ignore_ament_install']
[0.126s] Level 1:colcon.colcon_core.package_identification:_identify(src/my_cpp_pkg) by extension 'ignore'
[0.126s] Level 1:colcon.colcon_core.package_identification:_identify(src/my_cpp_pkg) by extension 'ignore_ament_install'
[0.126s] Level 1:colcon.colcon_core.package_identification:_identify(src/my_cpp_pkg) by extensions ['colcon_pkg']
[0.126s] Level 1:colcon.colcon_core.package_identification:_identify(src/my_cpp_pkg) by extension 'colcon_pkg'
[0.126s] Level 1:colcon.colcon_core.package_identification:_identify(src/my_cpp_pkg) by extensions ['colcon_meta']
[0.126s] Level 1:colcon.colcon_core.package_identification:_identify(src/my_cpp_pkg) by extension 'colcon_meta'
[0.126s] Level 1:colcon.colcon_core.package_identification:_identify(src/my_cpp_pkg) by extensions ['ros']
[0.126s] Level 1:colcon.colcon_core.package_identification:_identify(src/my_cpp_pkg) by extension 'ros'
[0.128s] DEBUG:colcon.colcon_core.package_identification:Package 'src/my_cpp_pkg' with type 'ros.ament_cmake' and name 'my_cpp_pkg'
[0.128s] Level 1:colcon.colcon_core.package_identification:_identify(src/my_py_pkg) by extensions ['ignore', 'ignore_ament_install']
[0.128s] Level 1:colcon.colcon_core.package_identification:_identify(src/my_py_pkg) by extension 'ignore'
[0.128s] Level 1:colcon.colcon_core.package_identification:_identify(src/my_py_pkg) by extension 'ignore_ament_install'
[0.128s] Level 1:colcon.colcon_core.package_identification:_identify(src/my_py_pkg) by extensions ['colcon_pkg']
[0.128s] Level 1:colcon.colcon_core.package_identification:_identify(src/my_py_pkg) by extension 'colcon_pkg'
[0.128s] Level 1:colcon.colcon_core.package_identification:_identify(src/my_py_pkg) by extensions ['colcon_meta']
[0.128s] Level 1:colcon.colcon_core.package_identification:_identify(src/my_py_pkg) by extension 'colcon_meta'
[0.128s] Level 1:colcon.colcon_core.package_identification:_identify(src/my_py_pkg) by extensions ['ros']
[0.128s] Level 1:colcon.colcon_core.package_identification:_identify(src/my_py_pkg) by extension 'ros'
[0.128s] DEBUG:colcon.colcon_core.package_identification:Package 'src/my_py_pkg' with type 'ros.ament_python' and name 'my_py_pkg'
[0.128s] Level 1:colcon.colcon_core.package_identification:_identify(src/my_robot_bringup) by extensions ['ignore', 'ignore_ament_install']
[0.128s] Level 1:colcon.colcon_core.package_identification:_identify(src/my_robot_bringup) by extension 'ignore'
[0.128s] Level 1:colcon.colcon_core.package_identification:_identify(src/my_robot_bringup) by extension 'ignore_ament_install'
[0.128s] Level 1:colcon.colcon_core.package_identification:_identify(src/my_robot_bringup) by extensions ['colcon_pkg']
[0.128s] Level 1:colcon.colcon_core.package_identification:_identify(src/my_robot_bringup) by extension 'colcon_pkg'
[0.128s] Level 1:colcon.colcon_core.package_identification:_identify(src/my_robot_bringup) by extensions ['colcon_meta']
[0.129s] Level 1:colcon.colcon_core.package_identification:_identify(src/my_robot_bringup) by extension 'colcon_meta'
[0.129s] Level 1:colcon.colcon_core.package_identification:_identify(src/my_robot_bringup) by extensions ['ros']
[0.129s] Level 1:colcon.colcon_core.package_identification:_identify(src/my_robot_bringup) by extension 'ros'
[0.129s] DEBUG:colcon.colcon_core.package_identification:Package 'src/my_robot_bringup' with type 'ros.ament_cmake' and name 'my_robot_bringup'
[0.129s] Level 1:colcon.colcon_core.package_identification:_identify(src/my_robot_description) by extensions ['ignore', 'ignore_ament_install']
[0.129s] Level 1:colcon.colcon_core.package_identification:_identify(src/my_robot_description) by extension 'ignore'
[0.129s] Level 1:colcon.colcon_core.package_identification:_identify(src/my_robot_description) by extension 'ignore_ament_install'
[0.129s] Level 1:colcon.colcon_core.package_identification:_identify(src/my_robot_description) by extensions ['colcon_pkg']
[0.129s] Level 1:colcon.colcon_core.package_identification:_identify(src/my_robot_description) by extension 'colcon_pkg'
[0.129s] Level 1:colcon.colcon_core.package_identification:_identify(src/my_robot_description) by extensions ['colcon_meta']
[0.129s] Level 1:colcon.colcon_core.package_identification:_identify(src/my_robot_description) by extension 'colcon_meta'
[0.129s] Level 1:colcon.colcon_core.package_identification:_identify(src/my_robot_description) by extensions ['ros']
[0.129s] Level 1:colcon.colcon_core.package_identification:_identify(src/my_robot_description) by extension 'ros'
[0.129s] DEBUG:colcon.colcon_core.package_identification:Package 'src/my_robot_description' with type 'ros.ament_cmake' and name 'my_robot_description'
[0.129s] Level 1:colcon.colcon_core.package_discovery:discover_packages(recursive) using defaults
[0.130s] Level 1:colcon.colcon_core.package_discovery:discover_packages(ignore) discover
[0.130s] Level 1:colcon.colcon_core.package_discovery:discover_packages(ignore) using defaults
[0.130s] Level 1:colcon.colcon_core.package_discovery:discover_packages(path) discover
[0.130s] Level 1:colcon.colcon_core.package_discovery:discover_packages(path) using defaults
[0.143s] INFO:colcon.colcon_core.package_selection:Skipping not selected package 'my_py_pkg' in 'src/my_py_pkg'
[0.143s] INFO:colcon.colcon_core.package_selection:Skipping not selected package 'my_robot_bringup' in 'src/my_robot_bringup'
[0.143s] INFO:colcon.colcon_core.package_selection:Skipping not selected package 'my_robot_description' in 'src/my_robot_description'
[0.144s] Level 1:colcon.colcon_core.package_discovery:discover_packages(prefix_path) check parameters
[0.144s] Level 1:colcon.colcon_core.package_discovery:discover_packages(prefix_path) discover
[0.145s] DEBUG:colcon.colcon_installed_package_information.package_discovery:Found 4 installed packages in /home/may/ros2_study/ROS2/ros2_ws/install
[0.146s] DEBUG:colcon.colcon_installed_package_information.package_discovery:Found 319 installed packages in /opt/ros/jazzy
[0.147s] Level 1:colcon.colcon_core.package_discovery:discover_packages(prefix_path) using defaults
[0.185s] Level 5:colcon.colcon_core.verb:set package 'my_cpp_pkg' build argument 'cmake_args' from command line to 'None'
[0.185s] Level 5:colcon.colcon_core.verb:set package 'my_cpp_pkg' build argument 'cmake_target' from command line to 'None'
[0.185s] Level 5:colcon.colcon_core.verb:set package 'my_cpp_pkg' build argument 'cmake_target_skip_unavailable' from command line to 'False'
[0.185s] Level 5:colcon.colcon_core.verb:set package 'my_cpp_pkg' build argument 'cmake_clean_cache' from command line to 'False'
[0.185s] Level 5:colcon.colcon_core.verb:set package 'my_cpp_pkg' build argument 'cmake_clean_first' from command line to 'False'
[0.185s] Level 5:colcon.colcon_core.verb:set package 'my_cpp_pkg' build argument 'cmake_force_configure' from command line to 'False'
[0.185s] Level 5:colcon.colcon_core.verb:set package 'my_cpp_pkg' build argument 'ament_cmake_args' from command line to 'None'
[0.185s] Level 5:colcon.colcon_core.verb:set package 'my_cpp_pkg' build argument 'catkin_cmake_args' from command line to 'None'
[0.185s] Level 5:colcon.colcon_core.verb:set package 'my_cpp_pkg' build argument 'catkin_skip_building_tests' from command line to 'False'
[0.185s] DEBUG:colcon.colcon_core.verb:Building package 'my_cpp_pkg' with the following arguments: {'ament_cmake_args': None, 'build_base': '/home/may/ros2_study/ROS2/ros2_ws/build/my_cpp_pkg', 'catkin_cmake_args': None, 'catkin_skip_building_tests': False, 'cmake_args': None, 'cmake_clean_cache': False, 'cmake_clean_first': False, 'cmake_force_configure': False, 'cmake_target': None, 'cmake_target_skip_unavailable': False, 'install_base': '/home/may/ros2_study/ROS2/ros2_ws/install/my_cpp_pkg', 'merge_install': False, 'path': '/home/may/ros2_study/ROS2/ros2_ws/src/my_cpp_pkg', 'symlink_install': False, 'test_result_base': None}
[0.185s] INFO:colcon.colcon_core.executor:Executing jobs using 'parallel' executor
[0.186s] DEBUG:colcon.colcon_parallel_executor.executor.parallel:run_until_complete
[0.186s] INFO:colcon.colcon_ros.task.ament_cmake.build:Building ROS package in '/home/may/ros2_study/ROS2/ros2_ws/src/my_cpp_pkg' with build type 'ament_cmake'
[0.186s] INFO:colcon.colcon_cmake.task.cmake.build:Building CMake package in '/home/may/ros2_study/ROS2/ros2_ws/src/my_cpp_pkg'
[0.188s] INFO:colcon.colcon_core.plugin_system:Skipping extension 'colcon_core.shell.bat': Not used on non-Windows systems
[0.188s] INFO:colcon.colcon_core.shell:Skip shell extension 'powershell' for command environment: Not usable outside of PowerShell
[0.188s] DEBUG:colcon.colcon_core.shell:Skip shell extension 'dsv' for command environment
[0.195s] DEBUG:colcon.colcon_core.event_handler.log_command:Invoking command in '/home/may/ros2_study/ROS2/ros2_ws/build/my_cpp_pkg': CMAKE_PREFIX_PATH=${CMAKE_PREFIX_PATH}:/home/may/ros2_study/ROS2/ros2_ws/install/my_py_pkg:/opt/ros/jazzy DEBUGINFOD_URLS=https://debuginfod.ubuntu.com /usr/bin/cmake --build /home/may/ros2_study/ROS2/ros2_ws/build/my_cpp_pkg -- -j16 -l16
[4.800s] DEBUG:colcon.colcon_core.event_handler.log_command:Invoked command in '/home/may/ros2_study/ROS2/ros2_ws/build/my_cpp_pkg' returned '0': CMAKE_PREFIX_PATH=${CMAKE_PREFIX_PATH}:/home/may/ros2_study/ROS2/ros2_ws/install/my_py_pkg:/opt/ros/jazzy DEBUGINFOD_URLS=https://debuginfod.ubuntu.com /usr/bin/cmake --build /home/may/ros2_study/ROS2/ros2_ws/build/my_cpp_pkg -- -j16 -l16
[4.810s] DEBUG:colcon.colcon_core.event_handler.log_command:Invoking command in '/home/may/ros2_study/ROS2/ros2_ws/build/my_cpp_pkg': CMAKE_PREFIX_PATH=${CMAKE_PREFIX_PATH}:/home/may/ros2_study/ROS2/ros2_ws/install/my_py_pkg:/opt/ros/jazzy DEBUGINFOD_URLS=https://debuginfod.ubuntu.com /usr/bin/cmake --install /home/may/ros2_study/ROS2/ros2_ws/build/my_cpp_pkg
[4.821s] Level 1:colcon.colcon_core.environment:create_environment_scripts_only(my_cpp_pkg)
[4.821s] DEBUG:colcon.colcon_core.event_handler.log_command:Invoked command in '/home/may/ros2_study/ROS2/ros2_ws/build/my_cpp_pkg' returned '0': CMAKE_PREFIX_PATH=${CMAKE_PREFIX_PATH}:/home/may/ros2_study/ROS2/ros2_ws/install/my_py_pkg:/opt/ros/jazzy DEBUGINFOD_URLS=https://debuginfod.ubuntu.com /usr/bin/cmake --install /home/may/ros2_study/ROS2/ros2_ws/build/my_cpp_pkg
[4.824s] Level 1:colcon.colcon_core.environment:checking '/home/may/ros2_study/ROS2/ros2_ws/install/my_cpp_pkg' for CMake module files
[4.824s] Level 1:colcon.colcon_core.environment:checking '/home/may/ros2_study/ROS2/ros2_ws/install/my_cpp_pkg' for CMake config files
[4.824s] Level 1:colcon.colcon_core.shell:create_environment_hook('my_cpp_pkg', 'cmake_prefix_path')
[4.824s] INFO:colcon.colcon_core.shell:Creating environment hook '/home/may/ros2_study/ROS2/ros2_ws/install/my_cpp_pkg/share/my_cpp_pkg/hook/cmake_prefix_path.ps1'
[4.824s] INFO:colcon.colcon_core.shell:Creating environment descriptor '/home/may/ros2_study/ROS2/ros2_ws/install/my_cpp_pkg/share/my_cpp_pkg/hook/cmake_prefix_path.dsv'
[4.825s] INFO:colcon.colcon_core.shell:Creating environment hook '/home/may/ros2_study/ROS2/ros2_ws/install/my_cpp_pkg/share/my_cpp_pkg/hook/cmake_prefix_path.sh'
[4.825s] Level 1:colcon.colcon_core.environment:checking '/home/may/ros2_study/ROS2/ros2_ws/install/my_cpp_pkg/lib'
[4.825s] Level 1:colcon.colcon_core.environment:checking '/home/may/ros2_study/ROS2/ros2_ws/install/my_cpp_pkg/bin'
[4.825s] Level 1:colcon.colcon_core.environment:checking '/home/may/ros2_study/ROS2/ros2_ws/install/my_cpp_pkg/lib/pkgconfig/my_cpp_pkg.pc'
[4.825s] Level 1:colcon.colcon_core.environment:checking '/home/may/ros2_study/ROS2/ros2_ws/install/my_cpp_pkg/lib/python3.12/site-packages'
[4.826s] Level 1:colcon.colcon_core.environment:checking '/home/may/ros2_study/ROS2/ros2_ws/install/my_cpp_pkg/bin'
[4.826s] INFO:colcon.colcon_core.shell:Creating package script '/home/may/ros2_study/ROS2/ros2_ws/install/my_cpp_pkg/share/my_cpp_pkg/package.ps1'
[4.826s] INFO:colcon.colcon_core.shell:Creating package descriptor '/home/may/ros2_study/ROS2/ros2_ws/install/my_cpp_pkg/share/my_cpp_pkg/package.dsv'
[4.826s] INFO:colcon.colcon_core.shell:Creating package script '/home/may/ros2_study/ROS2/ros2_ws/install/my_cpp_pkg/share/my_cpp_pkg/package.sh'
[4.827s] INFO:colcon.colcon_core.shell:Creating package script '/home/may/ros2_study/ROS2/ros2_ws/install/my_cpp_pkg/share/my_cpp_pkg/package.bash'
[4.827s] INFO:colcon.colcon_core.shell:Creating package script '/home/may/ros2_study/ROS2/ros2_ws/install/my_cpp_pkg/share/my_cpp_pkg/package.zsh'
[4.828s] Level 1:colcon.colcon_core.environment:create_file_with_runtime_dependencies(/home/may/ros2_study/ROS2/ros2_ws/install/my_cpp_pkg/share/colcon-core/packages/my_cpp_pkg)
[4.828s] Level 1:colcon.colcon_core.environment:create_environment_scripts_only(my_cpp_pkg)
[4.828s] Level 1:colcon.colcon_core.environment:checking '/home/may/ros2_study/ROS2/ros2_ws/install/my_cpp_pkg' for CMake module files
[4.829s] Level 1:colcon.colcon_core.environment:checking '/home/may/ros2_study/ROS2/ros2_ws/install/my_cpp_pkg' for CMake config files
[4.829s] Level 1:colcon.colcon_core.shell:create_environment_hook('my_cpp_pkg', 'cmake_prefix_path')
[4.829s] INFO:colcon.colcon_core.shell:Creating environment hook '/home/may/ros2_study/ROS2/ros2_ws/install/my_cpp_pkg/share/my_cpp_pkg/hook/cmake_prefix_path.ps1'
[4.829s] INFO:colcon.colcon_core.shell:Creating environment descriptor '/home/may/ros2_study/ROS2/ros2_ws/install/my_cpp_pkg/share/my_cpp_pkg/hook/cmake_prefix_path.dsv'
[4.829s] INFO:colcon.colcon_core.shell:Creating environment hook '/home/may/ros2_study/ROS2/ros2_ws/install/my_cpp_pkg/share/my_cpp_pkg/hook/cmake_prefix_path.sh'
[4.829s] Level 1:colcon.colcon_core.environment:checking '/home/may/ros2_study/ROS2/ros2_ws/install/my_cpp_pkg/lib'
[4.829s] Level 1:colcon.colcon_core.environment:checking '/home/may/ros2_study/ROS2/ros2_ws/install/my_cpp_pkg/bin'
[4.829s] Level 1:colcon.colcon_core.environment:checking '/home/may/ros2_study/ROS2/ros2_ws/install/my_cpp_pkg/lib/pkgconfig/my_cpp_pkg.pc'
[4.830s] Level 1:colcon.colcon_core.environment:checking '/home/may/ros2_study/ROS2/ros2_ws/install/my_cpp_pkg/lib/python3.12/site-packages'
[4.830s] Level 1:colcon.colcon_core.environment:checking '/home/may/ros2_study/ROS2/ros2_ws/install/my_cpp_pkg/bin'
[4.830s] INFO:colcon.colcon_core.shell:Creating package script '/home/may/ros2_study/ROS2/ros2_ws/install/my_cpp_pkg/share/my_cpp_pkg/package.ps1'
[4.830s] INFO:colcon.colcon_core.shell:Creating package descriptor '/home/may/ros2_study/ROS2/ros2_ws/install/my_cpp_pkg/share/my_cpp_pkg/package.dsv'
[4.830s] INFO:colcon.colcon_core.shell:Creating package script '/home/may/ros2_study/ROS2/ros2_ws/install/my_cpp_pkg/share/my_cpp_pkg/package.sh'
[4.830s] INFO:colcon.colcon_core.shell:Creating package script '/home/may/ros2_study/ROS2/ros2_ws/install/my_cpp_pkg/share/my_cpp_pkg/package.bash'
[4.831s] INFO:colcon.colcon_core.shell:Creating package script '/home/may/ros2_study/ROS2/ros2_ws/install/my_cpp_pkg/share/my_cpp_pkg/package.zsh'
[4.831s] Level 1:colcon.colcon_core.environment:create_file_with_runtime_dependencies(/home/may/ros2_study/ROS2/ros2_ws/install/my_cpp_pkg/share/colcon-core/packages/my_cpp_pkg)
[4.831s] DEBUG:colcon.colcon_parallel_executor.executor.parallel:closing loop
[4.831s] DEBUG:colcon.colcon_parallel_executor.executor.parallel:loop closed
[4.831s] DEBUG:colcon.colcon_parallel_executor.executor.parallel:run_until_complete finished with '0'
[4.831s] DEBUG:colcon.colcon_core.event_reactor:joining thread
[4.836s] INFO:colcon.colcon_core.plugin_system:Skipping extension 'colcon_notification.desktop_notification.terminal_notifier': Not used on non-Darwin systems
[4.836s] INFO:colcon.colcon_core.plugin_system:Skipping extension 'colcon_notification.desktop_notification.win32': Not used on non-Windows systems
[4.836s] INFO:colcon.colcon_notification.desktop_notification:Sending desktop notification using 'notify2'
[4.866s] DEBUG:colcon.colcon_core.event_reactor:joined thread
[4.866s] INFO:colcon.colcon_core.shell:Creating prefix script '/home/may/ros2_study/ROS2/ros2_ws/install/local_setup.ps1'
[4.866s] INFO:colcon.colcon_core.shell:Creating prefix util module '/home/may/ros2_study/ROS2/ros2_ws/install/_local_setup_util_ps1.py'
[4.867s] INFO:colcon.colcon_core.shell:Creating prefix chain script '/home/may/ros2_study/ROS2/ros2_ws/install/setup.ps1'
[4.868s] INFO:colcon.colcon_core.shell:Creating prefix script '/home/may/ros2_study/ROS2/ros2_ws/install/local_setup.sh'
[4.868s] INFO:colcon.colcon_core.shell:Creating prefix util module '/home/may/ros2_study/ROS2/ros2_ws/install/_local_setup_util_sh.py'
[4.869s] INFO:colcon.colcon_core.shell:Creating prefix chain script '/home/may/ros2_study/ROS2/ros2_ws/install/setup.sh'
[4.869s] INFO:colcon.colcon_core.shell:Creating prefix script '/home/may/ros2_study/ROS2/ros2_ws/install/local_setup.bash'
[4.870s] INFO:colcon.colcon_core.shell:Creating prefix chain script '/home/may/ros2_study/ROS2/ros2_ws/install/setup.bash'
[4.870s] INFO:colcon.colcon_core.shell:Creating prefix script '/home/may/ros2_study/ROS2/ros2_ws/install/local_setup.zsh'
[4.870s] INFO:colcon.colcon_core.shell:Creating prefix chain script '/home/may/ros2_study/ROS2/ros2_ws/install/setup.zsh'
