[0.143s] Invoking command in '/home/may/ros2_study/ROS2/ros2_ws/build/my_robot_bringup': CMAKE_PREFIX_PATH=${CMAKE_PREFIX_PATH}:/opt/ros/jazzy DEBUGINFOD_URLS=https://debuginfod.ubuntu.com /usr/bin/cmake /home/may/ros2_study/ROS2/ros2_ws/src/my_robot_bringup -DCMAKE_INSTALL_PREFIX=/home/may/ros2_study/ROS2/ros2_ws/install/my_robot_bringup
[0.156s] -- Found ament_cmake: 2.5.4 (/opt/ros/jazzy/share/ament_cmake/cmake)
[0.294s] -- Override CMake install command with custom implementation using symlinks instead of copying resources
[0.358s] -- Configuring done (0.2s)
[0.361s] -- Generating done (0.0s)
[0.362s] -- Build files have been written to: /home/may/ros2_study/ROS2/ros2_ws/build/my_robot_bringup
[0.364s] Invoked command in '/home/may/ros2_study/ROS2/ros2_ws/build/my_robot_bringup' returned '0': CMAKE_PREFIX_PATH=${CMAKE_PREFIX_PATH}:/opt/ros/jazzy DEBUGINFOD_URLS=https://debuginfod.ubuntu.com /usr/bin/cmake /home/may/ros2_study/ROS2/ros2_ws/src/my_robot_bringup -DCMAKE_INSTALL_PREFIX=/home/may/ros2_study/ROS2/ros2_ws/install/my_robot_bringup
[0.364s] Invoking command in '/home/may/ros2_study/ROS2/ros2_ws/build/my_robot_bringup': CMAKE_PREFIX_PATH=${CMAKE_PREFIX_PATH}:/opt/ros/jazzy DEBUGINFOD_URLS=https://debuginfod.ubuntu.com /usr/bin/cmake --build /home/may/ros2_study/ROS2/ros2_ws/build/my_robot_bringup -- -j16 -l16
[0.389s] Invoked command in '/home/may/ros2_study/ROS2/ros2_ws/build/my_robot_bringup' returned '0': CMAKE_PREFIX_PATH=${CMAKE_PREFIX_PATH}:/opt/ros/jazzy DEBUGINFOD_URLS=https://debuginfod.ubuntu.com /usr/bin/cmake --build /home/may/ros2_study/ROS2/ros2_ws/build/my_robot_bringup -- -j16 -l16
[0.395s] Invoking command in '/home/may/ros2_study/ROS2/ros2_ws/build/my_robot_bringup': CMAKE_PREFIX_PATH=${CMAKE_PREFIX_PATH}:/opt/ros/jazzy DEBUGINFOD_URLS=https://debuginfod.ubuntu.com /usr/bin/cmake --install /home/may/ros2_study/ROS2/ros2_ws/build/my_robot_bringup
[0.400s] -- Install configuration: ""
[0.400s] -- Execute custom install script
[0.400s] -- Up-to-date symlink: /home/may/ros2_study/ROS2/ros2_ws/install/my_robot_bringup/share/my_robot_bringup//launch/my_robot_gazebo.launch.xml
[0.400s] -- Up-to-date symlink: /home/may/ros2_study/ROS2/ros2_ws/install/my_robot_bringup/share/my_robot_bringup//config/gazebo_bridge.yaml
[0.400s] -- Up-to-date symlink: /home/may/ros2_study/ROS2/ros2_ws/install/my_robot_bringup/share/my_robot_bringup//worlds/test_world.sdf
[0.400s] -- Up-to-date symlink: /home/may/ros2_study/ROS2/ros2_ws/install/my_robot_bringup/share/ament_index/resource_index/package_run_dependencies/my_robot_bringup
[0.400s] -- Up-to-date symlink: /home/may/ros2_study/ROS2/ros2_ws/install/my_robot_bringup/share/ament_index/resource_index/parent_prefix_path/my_robot_bringup
[0.401s] -- Up-to-date symlink: /home/may/ros2_study/ROS2/ros2_ws/install/my_robot_bringup/share/my_robot_bringup/environment/ament_prefix_path.sh
[0.401s] -- Up-to-date symlink: /home/may/ros2_study/ROS2/ros2_ws/install/my_robot_bringup/share/my_robot_bringup/environment/ament_prefix_path.dsv
[0.401s] -- Up-to-date symlink: /home/may/ros2_study/ROS2/ros2_ws/install/my_robot_bringup/share/my_robot_bringup/environment/path.sh
[0.401s] -- Up-to-date symlink: /home/may/ros2_study/ROS2/ros2_ws/install/my_robot_bringup/share/my_robot_bringup/environment/path.dsv
[0.401s] -- Up-to-date symlink: /home/may/ros2_study/ROS2/ros2_ws/install/my_robot_bringup/share/my_robot_bringup/local_setup.bash
[0.401s] -- Up-to-date symlink: /home/may/ros2_study/ROS2/ros2_ws/install/my_robot_bringup/share/my_robot_bringup/local_setup.sh
[0.401s] -- Up-to-date symlink: /home/may/ros2_study/ROS2/ros2_ws/install/my_robot_bringup/share/my_robot_bringup/local_setup.zsh
[0.401s] -- Up-to-date symlink: /home/may/ros2_study/ROS2/ros2_ws/install/my_robot_bringup/share/my_robot_bringup/local_setup.dsv
[0.401s] -- Symlinking: /home/may/ros2_study/ROS2/ros2_ws/install/my_robot_bringup/share/my_robot_bringup/package.dsv
[0.407s] -- Up-to-date symlink: /home/may/ros2_study/ROS2/ros2_ws/install/my_robot_bringup/share/ament_index/resource_index/packages/my_robot_bringup
[0.407s] -- Up-to-date symlink: /home/may/ros2_study/ROS2/ros2_ws/install/my_robot_bringup/share/my_robot_bringup/cmake/my_robot_bringupConfig.cmake
[0.408s] -- Up-to-date symlink: /home/may/ros2_study/ROS2/ros2_ws/install/my_robot_bringup/share/my_robot_bringup/cmake/my_robot_bringupConfig-version.cmake
[0.408s] -- Up-to-date symlink: /home/may/ros2_study/ROS2/ros2_ws/install/my_robot_bringup/share/my_robot_bringup/package.xml
[0.409s] Invoked command in '/home/may/ros2_study/ROS2/ros2_ws/build/my_robot_bringup' returned '0': CMAKE_PREFIX_PATH=${CMAKE_PREFIX_PATH}:/opt/ros/jazzy DEBUGINFOD_URLS=https://debuginfod.ubuntu.com /usr/bin/cmake --install /home/may/ros2_study/ROS2/ros2_ws/build/my_robot_bringup
