[0.005s] Invoking command in '/home/may/ros2_study/ROS2/ros2_ws/build/my_robot_description': CMAKE_PREFIX_PATH=${CMAKE_PREFIX_PATH}:/opt/ros/jazzy DEBUGINFOD_URLS=https://debuginfod.ubuntu.com /usr/bin/cmake /home/may/ros2_study/ROS2/ros2_ws/src/my_robot_description -DAMENT_CMAKE_SYMLINK_INSTALL=1 -DCMAKE_INSTALL_PREFIX=/home/may/ros2_study/ROS2/ros2_ws/install/my_robot_description
[0.083s] -- The C compiler identification is GNU 13.3.0
[0.144s] -- The CXX compiler identification is GNU 13.3.0
[0.160s] -- Detecting C compiler ABI info
[0.223s] -- Detecting C compiler ABI info - done
[0.228s] -- Check for working C compiler: /usr/bin/cc - skipped
[0.229s] -- Detecting C compile features
[0.230s] -- Detecting C compile features - done
[0.236s] -- Detecting CXX compiler ABI info
[0.299s] -- Detecting CXX compiler ABI info - done
[0.304s] -- Check for working CXX compiler: /usr/bin/c++ - skipped
[0.304s] -- Detecting CXX compile features
[0.304s] -- Detecting CXX compile features - done
[0.307s] -- Found ament_cmake: 2.5.4 (/opt/ros/jazzy/share/ament_cmake/cmake)
[0.403s] -- Found Python3: /usr/bin/python3 (found version "3.12.3") found components: Interpreter 
[0.445s] -- Override CMake install command with custom implementation using symlinks instead of copying resources
[0.525s] -- Configuring done (0.5s)
[0.526s] -- Generating done (0.0s)
[0.527s] -- Build files have been written to: /home/may/ros2_study/ROS2/ros2_ws/build/my_robot_description
[0.531s] Invoked command in '/home/may/ros2_study/ROS2/ros2_ws/build/my_robot_description' returned '0': CMAKE_PREFIX_PATH=${CMAKE_PREFIX_PATH}:/opt/ros/jazzy DEBUGINFOD_URLS=https://debuginfod.ubuntu.com /usr/bin/cmake /home/may/ros2_study/ROS2/ros2_ws/src/my_robot_description -DAMENT_CMAKE_SYMLINK_INSTALL=1 -DCMAKE_INSTALL_PREFIX=/home/may/ros2_study/ROS2/ros2_ws/install/my_robot_description
[0.532s] Invoking command in '/home/may/ros2_study/ROS2/ros2_ws/build/my_robot_description': CMAKE_PREFIX_PATH=${CMAKE_PREFIX_PATH}:/opt/ros/jazzy DEBUGINFOD_URLS=https://debuginfod.ubuntu.com /usr/bin/cmake --build /home/may/ros2_study/ROS2/ros2_ws/build/my_robot_description -- -j16 -l16
[0.559s] Invoked command in '/home/may/ros2_study/ROS2/ros2_ws/build/my_robot_description' returned '0': CMAKE_PREFIX_PATH=${CMAKE_PREFIX_PATH}:/opt/ros/jazzy DEBUGINFOD_URLS=https://debuginfod.ubuntu.com /usr/bin/cmake --build /home/may/ros2_study/ROS2/ros2_ws/build/my_robot_description -- -j16 -l16
[0.565s] Invoking command in '/home/may/ros2_study/ROS2/ros2_ws/build/my_robot_description': CMAKE_PREFIX_PATH=${CMAKE_PREFIX_PATH}:/opt/ros/jazzy DEBUGINFOD_URLS=https://debuginfod.ubuntu.com /usr/bin/cmake --install /home/may/ros2_study/ROS2/ros2_ws/build/my_robot_description
[0.571s] -- Install configuration: ""
[0.571s] -- Execute custom install script
[0.571s] -- Symlinking: /home/may/ros2_study/ROS2/ros2_ws/install/my_robot_description/share/my_robot_description//urdf/common_properties.xacro
[0.578s] -- Symlinking: /home/may/ros2_study/ROS2/ros2_ws/install/my_robot_description/share/my_robot_description//urdf/mobile_base.xacro
[0.582s] -- Symlinking: /home/may/ros2_study/ROS2/ros2_ws/install/my_robot_description/share/my_robot_description//urdf/my_robot.urdf.xacro
[0.588s] -- Symlinking: /home/may/ros2_study/ROS2/ros2_ws/install/my_robot_description/share/my_robot_description//launch/display.launch.py
[0.594s] -- Symlinking: /home/may/ros2_study/ROS2/ros2_ws/install/my_robot_description/share/my_robot_description//launch/display.launch.xml
[0.599s] -- Symlinking: /home/may/ros2_study/ROS2/ros2_ws/install/my_robot_description/share/my_robot_description//rviz/urdf_config.rviz
[0.604s] -- Symlinking: /home/may/ros2_study/ROS2/ros2_ws/install/my_robot_description/share/ament_index/resource_index/package_run_dependencies/my_robot_description
[0.610s] -- Symlinking: /home/may/ros2_study/ROS2/ros2_ws/install/my_robot_description/share/ament_index/resource_index/parent_prefix_path/my_robot_description
[0.614s] -- Symlinking: /home/may/ros2_study/ROS2/ros2_ws/install/my_robot_description/share/my_robot_description/environment/ament_prefix_path.sh
[0.620s] -- Symlinking: /home/may/ros2_study/ROS2/ros2_ws/install/my_robot_description/share/my_robot_description/environment/ament_prefix_path.dsv
[0.624s] -- Symlinking: /home/may/ros2_study/ROS2/ros2_ws/install/my_robot_description/share/my_robot_description/environment/path.sh
[0.629s] -- Symlinking: /home/may/ros2_study/ROS2/ros2_ws/install/my_robot_description/share/my_robot_description/environment/path.dsv
[0.636s] -- Symlinking: /home/may/ros2_study/ROS2/ros2_ws/install/my_robot_description/share/my_robot_description/local_setup.bash
[0.643s] -- Symlinking: /home/may/ros2_study/ROS2/ros2_ws/install/my_robot_description/share/my_robot_description/local_setup.sh
[0.647s] -- Symlinking: /home/may/ros2_study/ROS2/ros2_ws/install/my_robot_description/share/my_robot_description/local_setup.zsh
[0.652s] -- Symlinking: /home/may/ros2_study/ROS2/ros2_ws/install/my_robot_description/share/my_robot_description/local_setup.dsv
[0.657s] -- Symlinking: /home/may/ros2_study/ROS2/ros2_ws/install/my_robot_description/share/my_robot_description/package.dsv
[0.663s] -- Symlinking: /home/may/ros2_study/ROS2/ros2_ws/install/my_robot_description/share/ament_index/resource_index/packages/my_robot_description
[0.669s] -- Symlinking: /home/may/ros2_study/ROS2/ros2_ws/install/my_robot_description/share/my_robot_description/cmake/my_robot_descriptionConfig.cmake
[0.674s] -- Symlinking: /home/may/ros2_study/ROS2/ros2_ws/install/my_robot_description/share/my_robot_description/cmake/my_robot_descriptionConfig-version.cmake
[0.679s] -- Symlinking: /home/may/ros2_study/ROS2/ros2_ws/install/my_robot_description/share/my_robot_description/package.xml
[0.686s] Invoked command in '/home/may/ros2_study/ROS2/ros2_ws/build/my_robot_description' returned '0': CMAKE_PREFIX_PATH=${CMAKE_PREFIX_PATH}:/opt/ros/jazzy DEBUGINFOD_URLS=https://debuginfod.ubuntu.com /usr/bin/cmake --install /home/may/ros2_study/ROS2/ros2_ws/build/my_robot_description
