[0.007s] Invoking command in '/home/may/ros2_study/ROS2/ros2_ws/build/my_robot_bringup': CMAKE_PREFIX_PATH=${CMAKE_PREFIX_PATH}:/opt/ros/jazzy DEBUGINFOD_URLS=https://debuginfod.ubuntu.com /usr/bin/cmake /home/may/ros2_study/ROS2/ros2_ws/src/my_robot_bringup -DCMAKE_INSTALL_PREFIX=/home/may/ros2_study/ROS2/ros2_ws/install/my_robot_bringup
[0.084s] -- The C compiler identification is GNU 13.3.0
[0.141s] -- The CXX compiler identification is GNU 13.3.0
[0.156s] -- Detecting C compiler ABI info
[0.221s] -- Detecting C compiler ABI info - done
[0.227s] -- Check for working C compiler: /usr/bin/cc - skipped
[0.228s] -- Detecting C compile features
[0.228s] -- Detecting C compile features - done
[0.234s] -- Detecting CXX compiler ABI info
[0.306s] -- Detecting CXX compiler ABI info - done
[0.312s] -- Check for working CXX compiler: /usr/bin/c++ - skipped
[0.312s] -- Detecting CXX compile features
[0.312s] -- Detecting CXX compile features - done
[0.320s] -- Found ament_cmake: 2.5.4 (/opt/ros/jazzy/share/ament_cmake/cmake)
[0.419s] -- Found Python3: /usr/bin/python3 (found version "3.12.3") found components: Interpreter 
[0.540s] -- Configuring done (0.5s)
[0.542s] -- Generating done (0.0s)
[0.543s] -- Build files have been written to: /home/may/ros2_study/ROS2/ros2_ws/build/my_robot_bringup
[0.547s] Invoked command in '/home/may/ros2_study/ROS2/ros2_ws/build/my_robot_bringup' returned '0': CMAKE_PREFIX_PATH=${CMAKE_PREFIX_PATH}:/opt/ros/jazzy DEBUGINFOD_URLS=https://debuginfod.ubuntu.com /usr/bin/cmake /home/may/ros2_study/ROS2/ros2_ws/src/my_robot_bringup -DCMAKE_INSTALL_PREFIX=/home/may/ros2_study/ROS2/ros2_ws/install/my_robot_bringup
[0.547s] Invoking command in '/home/may/ros2_study/ROS2/ros2_ws/build/my_robot_bringup': CMAKE_PREFIX_PATH=${CMAKE_PREFIX_PATH}:/opt/ros/jazzy DEBUGINFOD_URLS=https://debuginfod.ubuntu.com /usr/bin/cmake --build /home/may/ros2_study/ROS2/ros2_ws/build/my_robot_bringup -- -j16 -l16
[0.574s] Invoked command in '/home/may/ros2_study/ROS2/ros2_ws/build/my_robot_bringup' returned '0': CMAKE_PREFIX_PATH=${CMAKE_PREFIX_PATH}:/opt/ros/jazzy DEBUGINFOD_URLS=https://debuginfod.ubuntu.com /usr/bin/cmake --build /home/may/ros2_study/ROS2/ros2_ws/build/my_robot_bringup -- -j16 -l16
[0.574s] Invoking command in '/home/may/ros2_study/ROS2/ros2_ws/build/my_robot_bringup': CMAKE_PREFIX_PATH=${CMAKE_PREFIX_PATH}:/opt/ros/jazzy DEBUGINFOD_URLS=https://debuginfod.ubuntu.com /usr/bin/cmake --install /home/may/ros2_study/ROS2/ros2_ws/build/my_robot_bringup
[0.579s] -- Install configuration: ""
[0.579s] -- Installing: /home/may/ros2_study/ROS2/ros2_ws/install/my_robot_bringup/share/my_robot_bringup//launch
[0.579s] -- Installing: /home/may/ros2_study/ROS2/ros2_ws/install/my_robot_bringup/share/my_robot_bringup//launch/my_robot_gazebo.launch.xml
[0.579s] -- Installing: /home/may/ros2_study/ROS2/ros2_ws/install/my_robot_bringup/share/ament_index/resource_index/package_run_dependencies/my_robot_bringup
[0.579s] -- Installing: /home/may/ros2_study/ROS2/ros2_ws/install/my_robot_bringup/share/ament_index/resource_index/parent_prefix_path/my_robot_bringup
[0.580s] -- Installing: /home/may/ros2_study/ROS2/ros2_ws/install/my_robot_bringup/share/my_robot_bringup/environment/ament_prefix_path.sh
[0.580s] -- Installing: /home/may/ros2_study/ROS2/ros2_ws/install/my_robot_bringup/share/my_robot_bringup/environment/ament_prefix_path.dsv
[0.580s] -- Installing: /home/may/ros2_study/ROS2/ros2_ws/install/my_robot_bringup/share/my_robot_bringup/environment/path.sh
[0.580s] -- Installing: /home/may/ros2_study/ROS2/ros2_ws/install/my_robot_bringup/share/my_robot_bringup/environment/path.dsv
[0.580s] -- Installing: /home/may/ros2_study/ROS2/ros2_ws/install/my_robot_bringup/share/my_robot_bringup/local_setup.bash
[0.580s] -- Installing: /home/may/ros2_study/ROS2/ros2_ws/install/my_robot_bringup/share/my_robot_bringup/local_setup.sh
[0.580s] -- Installing: /home/may/ros2_study/ROS2/ros2_ws/install/my_robot_bringup/share/my_robot_bringup/local_setup.zsh
[0.580s] -- Installing: /home/may/ros2_study/ROS2/ros2_ws/install/my_robot_bringup/share/my_robot_bringup/local_setup.dsv
[0.580s] -- Installing: /home/may/ros2_study/ROS2/ros2_ws/install/my_robot_bringup/share/my_robot_bringup/package.dsv
[0.580s] -- Installing: /home/may/ros2_study/ROS2/ros2_ws/install/my_robot_bringup/share/ament_index/resource_index/packages/my_robot_bringup
[0.580s] -- Installing: /home/may/ros2_study/ROS2/ros2_ws/install/my_robot_bringup/share/my_robot_bringup/cmake/my_robot_bringupConfig.cmake
[0.580s] -- Installing: /home/may/ros2_study/ROS2/ros2_ws/install/my_robot_bringup/share/my_robot_bringup/cmake/my_robot_bringupConfig-version.cmake
[0.581s] -- Installing: /home/may/ros2_study/ROS2/ros2_ws/install/my_robot_bringup/share/my_robot_bringup/package.xml
[0.581s] Invoked command in '/home/may/ros2_study/ROS2/ros2_ws/build/my_robot_bringup' returned '0': CMAKE_PREFIX_PATH=${CMAKE_PREFIX_PATH}:/opt/ros/jazzy DEBUGINFOD_URLS=https://debuginfod.ubuntu.com /usr/bin/cmake --install /home/may/ros2_study/ROS2/ros2_ws/build/my_robot_bringup
