[0.006s] Invoking command in '/home/may/ros2_study/ROS2/ros2_ws/build/my_robot_description': CMAKE_PREFIX_PATH=${CMAKE_PREFIX_PATH}:/opt/ros/jazzy DEBUGINFOD_URLS=https://debuginfod.ubuntu.com /usr/bin/cmake --build /home/may/ros2_study/ROS2/ros2_ws/build/my_robot_description -- -j16 -l16
[0.037s] Invoked command in '/home/may/ros2_study/ROS2/ros2_ws/build/my_robot_description' returned '0': CMAKE_PREFIX_PATH=${CMAKE_PREFIX_PATH}:/opt/ros/jazzy DEBUGINFOD_URLS=https://debuginfod.ubuntu.com /usr/bin/cmake --build /home/may/ros2_study/ROS2/ros2_ws/build/my_robot_description -- -j16 -l16
[0.045s] Invoking command in '/home/may/ros2_study/ROS2/ros2_ws/build/my_robot_description': CMAKE_PREFIX_PATH=${CMAKE_PREFIX_PATH}:/opt/ros/jazzy DEBUGINFOD_URLS=https://debuginfod.ubuntu.com /usr/bin/cmake --install /home/may/ros2_study/ROS2/ros2_ws/build/my_robot_description
[0.051s] -- Install configuration: ""
[0.051s] -- Execute custom install script
[0.051s] -- Up-to-date symlink: /home/may/ros2_study/ROS2/ros2_ws/install/my_robot_description/share/my_robot_description//urdf/common_properties.xacro
[0.051s] -- Up-to-date symlink: /home/may/ros2_study/ROS2/ros2_ws/install/my_robot_description/share/my_robot_description//urdf/mobile_base.xacro
[0.051s] -- Up-to-date symlink: /home/may/ros2_study/ROS2/ros2_ws/install/my_robot_description/share/my_robot_description//urdf/my_robot.urdf.xacro
[0.051s] -- Up-to-date symlink: /home/may/ros2_study/ROS2/ros2_ws/install/my_robot_description/share/my_robot_description//launch/display.launch.py
[0.051s] -- Up-to-date symlink: /home/may/ros2_study/ROS2/ros2_ws/install/my_robot_description/share/my_robot_description//launch/display.launch.xml
[0.051s] -- Up-to-date symlink: /home/may/ros2_study/ROS2/ros2_ws/install/my_robot_description/share/my_robot_description//rviz/urdf_config.rviz
[0.052s] -- Up-to-date symlink: /home/may/ros2_study/ROS2/ros2_ws/install/my_robot_description/share/ament_index/resource_index/package_run_dependencies/my_robot_description
[0.052s] -- Up-to-date symlink: /home/may/ros2_study/ROS2/ros2_ws/install/my_robot_description/share/ament_index/resource_index/parent_prefix_path/my_robot_description
[0.052s] -- Up-to-date symlink: /home/may/ros2_study/ROS2/ros2_ws/install/my_robot_description/share/my_robot_description/environment/ament_prefix_path.sh
[0.052s] -- Up-to-date symlink: /home/may/ros2_study/ROS2/ros2_ws/install/my_robot_description/share/my_robot_description/environment/ament_prefix_path.dsv
[0.052s] -- Up-to-date symlink: /home/may/ros2_study/ROS2/ros2_ws/install/my_robot_description/share/my_robot_description/environment/path.sh
[0.052s] -- Up-to-date symlink: /home/may/ros2_study/ROS2/ros2_ws/install/my_robot_description/share/my_robot_description/environment/path.dsv
[0.052s] -- Up-to-date symlink: /home/may/ros2_study/ROS2/ros2_ws/install/my_robot_description/share/my_robot_description/local_setup.bash
[0.052s] -- Up-to-date symlink: /home/may/ros2_study/ROS2/ros2_ws/install/my_robot_description/share/my_robot_description/local_setup.sh
[0.052s] -- Up-to-date symlink: /home/may/ros2_study/ROS2/ros2_ws/install/my_robot_description/share/my_robot_description/local_setup.zsh
[0.052s] -- Up-to-date symlink: /home/may/ros2_study/ROS2/ros2_ws/install/my_robot_description/share/my_robot_description/local_setup.dsv
[0.052s] -- Symlinking: /home/may/ros2_study/ROS2/ros2_ws/install/my_robot_description/share/my_robot_description/package.dsv
[0.059s] -- Up-to-date symlink: /home/may/ros2_study/ROS2/ros2_ws/install/my_robot_description/share/ament_index/resource_index/packages/my_robot_description
[0.059s] -- Up-to-date symlink: /home/may/ros2_study/ROS2/ros2_ws/install/my_robot_description/share/my_robot_description/cmake/my_robot_descriptionConfig.cmake
[0.059s] -- Up-to-date symlink: /home/may/ros2_study/ROS2/ros2_ws/install/my_robot_description/share/my_robot_description/cmake/my_robot_descriptionConfig-version.cmake
[0.059s] -- Up-to-date symlink: /home/may/ros2_study/ROS2/ros2_ws/install/my_robot_description/share/my_robot_description/package.xml
[0.060s] Invoked command in '/home/may/ros2_study/ROS2/ros2_ws/build/my_robot_description' returned '0': CMAKE_PREFIX_PATH=${CMAKE_PREFIX_PATH}:/opt/ros/jazzy DEBUGINFOD_URLS=https://debuginfod.ubuntu.com /usr/bin/cmake --install /home/may/ros2_study/ROS2/ros2_ws/build/my_robot_description
