[0.057s] DEBUG:colcon:Command line arguments: ['/usr/bin/colcon', 'build']
[0.057s] DEBUG:colcon:Parsed command line arguments: Namespace(log_base=None, log_level=None, verb_name='build', build_base='build', install_base='install', merge_install=False, symlink_install=False, test_result_base=None, continue_on_error=False, executor='parallel', parallel_workers=16, event_handlers=None, ignore_user_meta=False, metas=['./colcon.meta'], base_paths=['.'], packages_ignore=None, packages_ignore_regex=None, paths=None, packages_up_to=None, packages_up_to_regex=None, packages_above=None, packages_above_and_dependencies=None, packages_above_depth=None, packages_select_by_dep=None, packages_skip_by_dep=None, packages_skip_up_to=None, packages_select_build_failed=False, packages_skip_build_finished=False, packages_select_test_failures=False, packages_skip_test_passed=False, packages_select=None, packages_skip=None, packages_select_regex=None, packages_skip_regex=None, packages_start=None, packages_end=None, allow_overriding=[], cmake_args=None, cmake_target=None, cmake_target_skip_unavailable=False, cmake_clean_cache=False, cmake_clean_first=False, cmake_force_configure=False, ament_cmake_args=None, catkin_cmake_args=None, catkin_skip_building_tests=False, mixin_files=None, mixin=None, verb_parser=<colcon_mixin.mixin.mixin_argument.MixinArgumentDecorator object at 0x7696cb913ad0>, verb_extension=<colcon_core.verb.build.BuildVerb object at 0x7696cbb93410>, main=<bound method BuildVerb.main of <colcon_core.verb.build.BuildVerb object at 0x7696cbb93410>>, mixin_verb=('build',))
[0.079s] Level 1:colcon.colcon_core.package_discovery:discover_packages(colcon_meta) check parameters
[0.079s] Level 1:colcon.colcon_core.package_discovery:discover_packages(recursive) check parameters
[0.079s] Level 1:colcon.colcon_core.package_discovery:discover_packages(ignore) check parameters
[0.079s] Level 1:colcon.colcon_core.package_discovery:discover_packages(path) check parameters
[0.079s] Level 1:colcon.colcon_core.package_discovery:discover_packages(colcon_meta) discover
[0.079s] Level 1:colcon.colcon_core.package_discovery:discover_packages(recursive) discover
[0.079s] INFO:colcon.colcon_core.package_discovery:Crawling recursively for packages in '/home/may/ros2_study/ROS2/ros2_ws'
[0.079s] Level 1:colcon.colcon_core.package_identification:_identify(.) by extensions ['ignore', 'ignore_ament_install']
[0.080s] Level 1:colcon.colcon_core.package_identification:_identify(.) by extension 'ignore'
[0.080s] Level 1:colcon.colcon_core.package_identification:_identify(.) by extension 'ignore_ament_install'
[0.080s] Level 1:colcon.colcon_core.package_identification:_identify(.) by extensions ['colcon_pkg']
[0.080s] Level 1:colcon.colcon_core.package_identification:_identify(.) by extension 'colcon_pkg'
[0.080s] Level 1:colcon.colcon_core.package_identification:_identify(.) by extensions ['colcon_meta']
[0.080s] Level 1:colcon.colcon_core.package_identification:_identify(.) by extension 'colcon_meta'
[0.080s] Level 1:colcon.colcon_core.package_identification:_identify(.) by extensions ['ros']
[0.080s] Level 1:colcon.colcon_core.package_identification:_identify(.) by extension 'ros'
[0.095s] Level 1:colcon.colcon_core.package_identification:_identify(.) by extensions ['cmake', 'python']
[0.095s] Level 1:colcon.colcon_core.package_identification:_identify(.) by extension 'cmake'
[0.095s] Level 1:colcon.colcon_core.package_identification:_identify(.) by extension 'python'
[0.095s] Level 1:colcon.colcon_core.package_identification:_identify(.) by extensions ['python_setup_py']
[0.095s] Level 1:colcon.colcon_core.package_identification:_identify(.) by extension 'python_setup_py'
[0.095s] Level 1:colcon.colcon_core.package_identification:_identify(build) by extensions ['ignore', 'ignore_ament_install']
[0.095s] Level 1:colcon.colcon_core.package_identification:_identify(build) by extension 'ignore'
[0.095s] Level 1:colcon.colcon_core.package_identification:_identify(build) ignored
[0.095s] Level 1:colcon.colcon_core.package_identification:_identify(install) by extensions ['ignore', 'ignore_ament_install']
[0.096s] Level 1:colcon.colcon_core.package_identification:_identify(install) by extension 'ignore'
[0.096s] Level 1:colcon.colcon_core.package_identification:_identify(install) ignored
[0.096s] Level 1:colcon.colcon_core.package_identification:_identify(log) by extensions ['ignore', 'ignore_ament_install']
[0.096s] Level 1:colcon.colcon_core.package_identification:_identify(log) by extension 'ignore'
[0.096s] Level 1:colcon.colcon_core.package_identification:_identify(log) ignored
[0.096s] Level 1:colcon.colcon_core.package_identification:_identify(src) by extensions ['ignore', 'ignore_ament_install']
[0.096s] Level 1:colcon.colcon_core.package_identification:_identify(src) by extension 'ignore'
[0.096s] Level 1:colcon.colcon_core.package_identification:_identify(src) by extension 'ignore_ament_install'
[0.096s] Level 1:colcon.colcon_core.package_identification:_identify(src) by extensions ['colcon_pkg']
[0.096s] Level 1:colcon.colcon_core.package_identification:_identify(src) by extension 'colcon_pkg'
[0.096s] Level 1:colcon.colcon_core.package_identification:_identify(src) by extensions ['colcon_meta']
[0.096s] Level 1:colcon.colcon_core.package_identification:_identify(src) by extension 'colcon_meta'
[0.096s] Level 1:colcon.colcon_core.package_identification:_identify(src) by extensions ['ros']
[0.096s] Level 1:colcon.colcon_core.package_identification:_identify(src) by extension 'ros'
[0.096s] Level 1:colcon.colcon_core.package_identification:_identify(src) by extensions ['cmake', 'python']
[0.096s] Level 1:colcon.colcon_core.package_identification:_identify(src) by extension 'cmake'
[0.096s] Level 1:colcon.colcon_core.package_identification:_identify(src) by extension 'python'
[0.096s] Level 1:colcon.colcon_core.package_identification:_identify(src) by extensions ['python_setup_py']
[0.096s] Level 1:colcon.colcon_core.package_identification:_identify(src) by extension 'python_setup_py'
[0.096s] Level 1:colcon.colcon_core.package_identification:_identify(src/my_cpp_pkg) by extensions ['ignore', 'ignore_ament_install']
[0.096s] Level 1:colcon.colcon_core.package_identification:_identify(src/my_cpp_pkg) by extension 'ignore'
[0.096s] Level 1:colcon.colcon_core.package_identification:_identify(src/my_cpp_pkg) by extension 'ignore_ament_install'
[0.096s] Level 1:colcon.colcon_core.package_identification:_identify(src/my_cpp_pkg) by extensions ['colcon_pkg']
[0.096s] Level 1:colcon.colcon_core.package_identification:_identify(src/my_cpp_pkg) by extension 'colcon_pkg'
[0.096s] Level 1:colcon.colcon_core.package_identification:_identify(src/my_cpp_pkg) by extensions ['colcon_meta']
[0.096s] Level 1:colcon.colcon_core.package_identification:_identify(src/my_cpp_pkg) by extension 'colcon_meta'
[0.096s] Level 1:colcon.colcon_core.package_identification:_identify(src/my_cpp_pkg) by extensions ['ros']
[0.096s] Level 1:colcon.colcon_core.package_identification:_identify(src/my_cpp_pkg) by extension 'ros'
[0.098s] DEBUG:colcon.colcon_core.package_identification:Package 'src/my_cpp_pkg' with type 'ros.ament_cmake' and name 'my_cpp_pkg'
[0.098s] Level 1:colcon.colcon_core.package_identification:_identify(src/my_py_pkg) by extensions ['ignore', 'ignore_ament_install']
[0.098s] Level 1:colcon.colcon_core.package_identification:_identify(src/my_py_pkg) by extension 'ignore'
[0.098s] Level 1:colcon.colcon_core.package_identification:_identify(src/my_py_pkg) by extension 'ignore_ament_install'
[0.098s] Level 1:colcon.colcon_core.package_identification:_identify(src/my_py_pkg) by extensions ['colcon_pkg']
[0.098s] Level 1:colcon.colcon_core.package_identification:_identify(src/my_py_pkg) by extension 'colcon_pkg'
[0.098s] Level 1:colcon.colcon_core.package_identification:_identify(src/my_py_pkg) by extensions ['colcon_meta']
[0.098s] Level 1:colcon.colcon_core.package_identification:_identify(src/my_py_pkg) by extension 'colcon_meta'
[0.098s] Level 1:colcon.colcon_core.package_identification:_identify(src/my_py_pkg) by extensions ['ros']
[0.098s] Level 1:colcon.colcon_core.package_identification:_identify(src/my_py_pkg) by extension 'ros'
[0.098s] DEBUG:colcon.colcon_core.package_identification:Package 'src/my_py_pkg' with type 'ros.ament_python' and name 'my_py_pkg'
[0.098s] Level 1:colcon.colcon_core.package_identification:_identify(src/my_robot_bringup) by extensions ['ignore', 'ignore_ament_install']
[0.098s] Level 1:colcon.colcon_core.package_identification:_identify(src/my_robot_bringup) by extension 'ignore'
[0.098s] Level 1:colcon.colcon_core.package_identification:_identify(src/my_robot_bringup) by extension 'ignore_ament_install'
[0.098s] Level 1:colcon.colcon_core.package_identification:_identify(src/my_robot_bringup) by extensions ['colcon_pkg']
[0.098s] Level 1:colcon.colcon_core.package_identification:_identify(src/my_robot_bringup) by extension 'colcon_pkg'
[0.098s] Level 1:colcon.colcon_core.package_identification:_identify(src/my_robot_bringup) by extensions ['colcon_meta']
[0.098s] Level 1:colcon.colcon_core.package_identification:_identify(src/my_robot_bringup) by extension 'colcon_meta'
[0.098s] Level 1:colcon.colcon_core.package_identification:_identify(src/my_robot_bringup) by extensions ['ros']
[0.098s] Level 1:colcon.colcon_core.package_identification:_identify(src/my_robot_bringup) by extension 'ros'
[0.099s] DEBUG:colcon.colcon_core.package_identification:Package 'src/my_robot_bringup' with type 'ros.ament_cmake' and name 'my_robot_bringup'
[0.099s] Level 1:colcon.colcon_core.package_identification:_identify(src/my_robot_description) by extensions ['ignore', 'ignore_ament_install']
[0.099s] Level 1:colcon.colcon_core.package_identification:_identify(src/my_robot_description) by extension 'ignore'
[0.099s] Level 1:colcon.colcon_core.package_identification:_identify(src/my_robot_description) by extension 'ignore_ament_install'
[0.099s] Level 1:colcon.colcon_core.package_identification:_identify(src/my_robot_description) by extensions ['colcon_pkg']
[0.099s] Level 1:colcon.colcon_core.package_identification:_identify(src/my_robot_description) by extension 'colcon_pkg'
[0.099s] Level 1:colcon.colcon_core.package_identification:_identify(src/my_robot_description) by extensions ['colcon_meta']
[0.099s] Level 1:colcon.colcon_core.package_identification:_identify(src/my_robot_description) by extension 'colcon_meta'
[0.099s] Level 1:colcon.colcon_core.package_identification:_identify(src/my_robot_description) by extensions ['ros']
[0.099s] Level 1:colcon.colcon_core.package_identification:_identify(src/my_robot_description) by extension 'ros'
[0.099s] DEBUG:colcon.colcon_core.package_identification:Package 'src/my_robot_description' with type 'ros.ament_cmake' and name 'my_robot_description'
[0.099s] Level 1:colcon.colcon_core.package_discovery:discover_packages(recursive) using defaults
[0.099s] Level 1:colcon.colcon_core.package_discovery:discover_packages(ignore) discover
[0.099s] Level 1:colcon.colcon_core.package_discovery:discover_packages(ignore) using defaults
[0.099s] Level 1:colcon.colcon_core.package_discovery:discover_packages(path) discover
[0.099s] Level 1:colcon.colcon_core.package_discovery:discover_packages(path) using defaults
[0.109s] Level 1:colcon.colcon_core.package_discovery:discover_packages(prefix_path) check parameters
[0.109s] Level 1:colcon.colcon_core.package_discovery:discover_packages(prefix_path) discover
[0.110s] DEBUG:colcon.colcon_installed_package_information.package_discovery:Found 3 installed packages in /home/may/ros2_study/ROS2/ros2_ws/install
[0.111s] DEBUG:colcon.colcon_installed_package_information.package_discovery:Found 319 installed packages in /opt/ros/jazzy
[0.113s] Level 1:colcon.colcon_core.package_discovery:discover_packages(prefix_path) using defaults
[0.135s] Level 5:colcon.colcon_core.verb:set package 'my_cpp_pkg' build argument 'cmake_args' from command line to 'None'
[0.135s] Level 5:colcon.colcon_core.verb:set package 'my_cpp_pkg' build argument 'cmake_target' from command line to 'None'
[0.135s] Level 5:colcon.colcon_core.verb:set package 'my_cpp_pkg' build argument 'cmake_target_skip_unavailable' from command line to 'False'
[0.135s] Level 5:colcon.colcon_core.verb:set package 'my_cpp_pkg' build argument 'cmake_clean_cache' from command line to 'False'
[0.135s] Level 5:colcon.colcon_core.verb:set package 'my_cpp_pkg' build argument 'cmake_clean_first' from command line to 'False'
[0.135s] Level 5:colcon.colcon_core.verb:set package 'my_cpp_pkg' build argument 'cmake_force_configure' from command line to 'False'
[0.135s] Level 5:colcon.colcon_core.verb:set package 'my_cpp_pkg' build argument 'ament_cmake_args' from command line to 'None'
[0.135s] Level 5:colcon.colcon_core.verb:set package 'my_cpp_pkg' build argument 'catkin_cmake_args' from command line to 'None'
[0.135s] Level 5:colcon.colcon_core.verb:set package 'my_cpp_pkg' build argument 'catkin_skip_building_tests' from command line to 'False'
[0.135s] DEBUG:colcon.colcon_core.verb:Building package 'my_cpp_pkg' with the following arguments: {'ament_cmake_args': None, 'build_base': '/home/may/ros2_study/ROS2/ros2_ws/build/my_cpp_pkg', 'catkin_cmake_args': None, 'catkin_skip_building_tests': False, 'cmake_args': None, 'cmake_clean_cache': False, 'cmake_clean_first': False, 'cmake_force_configure': False, 'cmake_target': None, 'cmake_target_skip_unavailable': False, 'install_base': '/home/may/ros2_study/ROS2/ros2_ws/install/my_cpp_pkg', 'merge_install': False, 'path': '/home/may/ros2_study/ROS2/ros2_ws/src/my_cpp_pkg', 'symlink_install': False, 'test_result_base': None}
[0.135s] Level 5:colcon.colcon_core.verb:set package 'my_py_pkg' build argument 'cmake_args' from command line to 'None'
[0.135s] Level 5:colcon.colcon_core.verb:set package 'my_py_pkg' build argument 'cmake_target' from command line to 'None'
[0.135s] Level 5:colcon.colcon_core.verb:set package 'my_py_pkg' build argument 'cmake_target_skip_unavailable' from command line to 'False'
[0.135s] Level 5:colcon.colcon_core.verb:set package 'my_py_pkg' build argument 'cmake_clean_cache' from command line to 'False'
[0.135s] Level 5:colcon.colcon_core.verb:set package 'my_py_pkg' build argument 'cmake_clean_first' from command line to 'False'
[0.135s] Level 5:colcon.colcon_core.verb:set package 'my_py_pkg' build argument 'cmake_force_configure' from command line to 'False'
[0.135s] Level 5:colcon.colcon_core.verb:set package 'my_py_pkg' build argument 'ament_cmake_args' from command line to 'None'
[0.135s] Level 5:colcon.colcon_core.verb:set package 'my_py_pkg' build argument 'catkin_cmake_args' from command line to 'None'
[0.135s] Level 5:colcon.colcon_core.verb:set package 'my_py_pkg' build argument 'catkin_skip_building_tests' from command line to 'False'
[0.135s] DEBUG:colcon.colcon_core.verb:Building package 'my_py_pkg' with the following arguments: {'ament_cmake_args': None, 'build_base': '/home/may/ros2_study/ROS2/ros2_ws/build/my_py_pkg', 'catkin_cmake_args': None, 'catkin_skip_building_tests': False, 'cmake_args': None, 'cmake_clean_cache': False, 'cmake_clean_first': False, 'cmake_force_configure': False, 'cmake_target': None, 'cmake_target_skip_unavailable': False, 'install_base': '/home/may/ros2_study/ROS2/ros2_ws/install/my_py_pkg', 'merge_install': False, 'path': '/home/may/ros2_study/ROS2/ros2_ws/src/my_py_pkg', 'symlink_install': False, 'test_result_base': None}
[0.135s] Level 5:colcon.colcon_core.verb:set package 'my_robot_bringup' build argument 'cmake_args' from command line to 'None'
[0.135s] Level 5:colcon.colcon_core.verb:set package 'my_robot_bringup' build argument 'cmake_target' from command line to 'None'
[0.135s] Level 5:colcon.colcon_core.verb:set package 'my_robot_bringup' build argument 'cmake_target_skip_unavailable' from command line to 'False'
[0.135s] Level 5:colcon.colcon_core.verb:set package 'my_robot_bringup' build argument 'cmake_clean_cache' from command line to 'False'
[0.135s] Level 5:colcon.colcon_core.verb:set package 'my_robot_bringup' build argument 'cmake_clean_first' from command line to 'False'
[0.135s] Level 5:colcon.colcon_core.verb:set package 'my_robot_bringup' build argument 'cmake_force_configure' from command line to 'False'
[0.135s] Level 5:colcon.colcon_core.verb:set package 'my_robot_bringup' build argument 'ament_cmake_args' from command line to 'None'
[0.135s] Level 5:colcon.colcon_core.verb:set package 'my_robot_bringup' build argument 'catkin_cmake_args' from command line to 'None'
[0.135s] Level 5:colcon.colcon_core.verb:set package 'my_robot_bringup' build argument 'catkin_skip_building_tests' from command line to 'False'
[0.135s] DEBUG:colcon.colcon_core.verb:Building package 'my_robot_bringup' with the following arguments: {'ament_cmake_args': None, 'build_base': '/home/may/ros2_study/ROS2/ros2_ws/build/my_robot_bringup', 'catkin_cmake_args': None, 'catkin_skip_building_tests': False, 'cmake_args': None, 'cmake_clean_cache': False, 'cmake_clean_first': False, 'cmake_force_configure': False, 'cmake_target': None, 'cmake_target_skip_unavailable': False, 'install_base': '/home/may/ros2_study/ROS2/ros2_ws/install/my_robot_bringup', 'merge_install': False, 'path': '/home/may/ros2_study/ROS2/ros2_ws/src/my_robot_bringup', 'symlink_install': False, 'test_result_base': None}
[0.136s] Level 5:colcon.colcon_core.verb:set package 'my_robot_description' build argument 'cmake_args' from command line to 'None'
[0.136s] Level 5:colcon.colcon_core.verb:set package 'my_robot_description' build argument 'cmake_target' from command line to 'None'
[0.136s] Level 5:colcon.colcon_core.verb:set package 'my_robot_description' build argument 'cmake_target_skip_unavailable' from command line to 'False'
[0.136s] Level 5:colcon.colcon_core.verb:set package 'my_robot_description' build argument 'cmake_clean_cache' from command line to 'False'
[0.136s] Level 5:colcon.colcon_core.verb:set package 'my_robot_description' build argument 'cmake_clean_first' from command line to 'False'
[0.136s] Level 5:colcon.colcon_core.verb:set package 'my_robot_description' build argument 'cmake_force_configure' from command line to 'False'
[0.136s] Level 5:colcon.colcon_core.verb:set package 'my_robot_description' build argument 'ament_cmake_args' from command line to 'None'
[0.136s] Level 5:colcon.colcon_core.verb:set package 'my_robot_description' build argument 'catkin_cmake_args' from command line to 'None'
[0.136s] Level 5:colcon.colcon_core.verb:set package 'my_robot_description' build argument 'catkin_skip_building_tests' from command line to 'False'
[0.136s] DEBUG:colcon.colcon_core.verb:Building package 'my_robot_description' with the following arguments: {'ament_cmake_args': None, 'build_base': '/home/may/ros2_study/ROS2/ros2_ws/build/my_robot_description', 'catkin_cmake_args': None, 'catkin_skip_building_tests': False, 'cmake_args': None, 'cmake_clean_cache': False, 'cmake_clean_first': False, 'cmake_force_configure': False, 'cmake_target': None, 'cmake_target_skip_unavailable': False, 'install_base': '/home/may/ros2_study/ROS2/ros2_ws/install/my_robot_description', 'merge_install': False, 'path': '/home/may/ros2_study/ROS2/ros2_ws/src/my_robot_description', 'symlink_install': False, 'test_result_base': None}
[0.136s] INFO:colcon.colcon_core.executor:Executing jobs using 'parallel' executor
[0.136s] DEBUG:colcon.colcon_parallel_executor.executor.parallel:run_until_complete
[0.137s] INFO:colcon.colcon_ros.task.ament_cmake.build:Building ROS package in '/home/may/ros2_study/ROS2/ros2_ws/src/my_cpp_pkg' with build type 'ament_cmake'
[0.137s] INFO:colcon.colcon_cmake.task.cmake.build:Building CMake package in '/home/may/ros2_study/ROS2/ros2_ws/src/my_cpp_pkg'
[0.138s] INFO:colcon.colcon_core.plugin_system:Skipping extension 'colcon_core.shell.bat': Not used on non-Windows systems
[0.138s] INFO:colcon.colcon_core.shell:Skip shell extension 'powershell' for command environment: Not usable outside of PowerShell
[0.138s] DEBUG:colcon.colcon_core.shell:Skip shell extension 'dsv' for command environment
[0.139s] INFO:colcon.colcon_ros.task.ament_python.build:Building ROS package in '/home/may/ros2_study/ROS2/ros2_ws/src/my_py_pkg' with build type 'ament_python'
[0.140s] Level 1:colcon.colcon_core.shell:create_environment_hook('my_py_pkg', 'ament_prefix_path')
[0.140s] INFO:colcon.colcon_core.shell:Creating environment hook '/home/may/ros2_study/ROS2/ros2_ws/install/my_py_pkg/share/my_py_pkg/hook/ament_prefix_path.ps1'
[0.140s] INFO:colcon.colcon_core.shell:Creating environment descriptor '/home/may/ros2_study/ROS2/ros2_ws/install/my_py_pkg/share/my_py_pkg/hook/ament_prefix_path.dsv'
[0.140s] INFO:colcon.colcon_core.shell:Creating environment hook '/home/may/ros2_study/ROS2/ros2_ws/install/my_py_pkg/share/my_py_pkg/hook/ament_prefix_path.sh'
[0.140s] INFO:colcon.colcon_core.shell:Skip shell extension 'powershell' for command environment: Not usable outside of PowerShell
[0.140s] DEBUG:colcon.colcon_core.shell:Skip shell extension 'dsv' for command environment
[0.142s] INFO:colcon.colcon_ros.task.ament_cmake.build:Building ROS package in '/home/may/ros2_study/ROS2/ros2_ws/src/my_robot_bringup' with build type 'ament_cmake'
[0.142s] INFO:colcon.colcon_cmake.task.cmake.build:Building CMake package in '/home/may/ros2_study/ROS2/ros2_ws/src/my_robot_bringup'
[0.142s] INFO:colcon.colcon_core.shell:Skip shell extension 'powershell' for command environment: Not usable outside of PowerShell
[0.142s] DEBUG:colcon.colcon_core.shell:Skip shell extension 'dsv' for command environment
[0.144s] INFO:colcon.colcon_ros.task.ament_cmake.build:Building ROS package in '/home/may/ros2_study/ROS2/ros2_ws/src/my_robot_description' with build type 'ament_cmake'
[0.144s] INFO:colcon.colcon_cmake.task.cmake.build:Building CMake package in '/home/may/ros2_study/ROS2/ros2_ws/src/my_robot_description'
[0.144s] INFO:colcon.colcon_core.shell:Skip shell extension 'powershell' for command environment: Not usable outside of PowerShell
[0.144s] DEBUG:colcon.colcon_core.shell:Skip shell extension 'dsv' for command environment
[0.148s] DEBUG:colcon.colcon_core.event_handler.log_command:Invoking command in '/home/may/ros2_study/ROS2/ros2_ws/build/my_cpp_pkg': CMAKE_PREFIX_PATH=${CMAKE_PREFIX_PATH}:/opt/ros/jazzy DEBUGINFOD_URLS=https://debuginfod.ubuntu.com /usr/bin/cmake /home/may/ros2_study/ROS2/ros2_ws/src/my_cpp_pkg -DCMAKE_INSTALL_PREFIX=/home/may/ros2_study/ROS2/ros2_ws/install/my_cpp_pkg
[0.282s] INFO:colcon.colcon_core.task.python.build:Building Python package in '/home/may/ros2_study/ROS2/ros2_ws/src/my_py_pkg'
[0.283s] INFO:colcon.colcon_core.shell:Skip shell extension 'powershell' for command environment: Not usable outside of PowerShell
[0.283s] DEBUG:colcon.colcon_core.shell:Skip shell extension 'dsv' for command environment
[0.285s] DEBUG:colcon.colcon_core.event_handler.log_command:Invoking command in '/home/may/ros2_study/ROS2/ros2_ws/build/my_robot_bringup': CMAKE_PREFIX_PATH=${CMAKE_PREFIX_PATH}:/opt/ros/jazzy DEBUGINFOD_URLS=https://debuginfod.ubuntu.com /usr/bin/cmake /home/may/ros2_study/ROS2/ros2_ws/src/my_robot_bringup -DCMAKE_INSTALL_PREFIX=/home/may/ros2_study/ROS2/ros2_ws/install/my_robot_bringup
[0.288s] DEBUG:colcon.colcon_core.event_handler.log_command:Invoking command in '/home/may/ros2_study/ROS2/ros2_ws/build/my_robot_description': CMAKE_PREFIX_PATH=${CMAKE_PREFIX_PATH}:/opt/ros/jazzy DEBUGINFOD_URLS=https://debuginfod.ubuntu.com /usr/bin/cmake /home/may/ros2_study/ROS2/ros2_ws/src/my_robot_description -DCMAKE_INSTALL_PREFIX=/home/may/ros2_study/ROS2/ros2_ws/install/my_robot_description
[0.506s] DEBUG:colcon.colcon_core.event_handler.log_command:Invoked command in '/home/may/ros2_study/ROS2/ros2_ws/build/my_robot_bringup' returned '0': CMAKE_PREFIX_PATH=${CMAKE_PREFIX_PATH}:/opt/ros/jazzy DEBUGINFOD_URLS=https://debuginfod.ubuntu.com /usr/bin/cmake /home/may/ros2_study/ROS2/ros2_ws/src/my_robot_bringup -DCMAKE_INSTALL_PREFIX=/home/may/ros2_study/ROS2/ros2_ws/install/my_robot_bringup
[0.507s] DEBUG:colcon.colcon_core.event_handler.log_command:Invoking command in '/home/may/ros2_study/ROS2/ros2_ws/build/my_robot_bringup': CMAKE_PREFIX_PATH=${CMAKE_PREFIX_PATH}:/opt/ros/jazzy DEBUGINFOD_URLS=https://debuginfod.ubuntu.com /usr/bin/cmake --build /home/may/ros2_study/ROS2/ros2_ws/build/my_robot_bringup -- -j16 -l16
[0.507s] DEBUG:colcon.colcon_core.event_handler.log_command:Invoked command in '/home/may/ros2_study/ROS2/ros2_ws/build/my_robot_description' returned '0': CMAKE_PREFIX_PATH=${CMAKE_PREFIX_PATH}:/opt/ros/jazzy DEBUGINFOD_URLS=https://debuginfod.ubuntu.com /usr/bin/cmake /home/may/ros2_study/ROS2/ros2_ws/src/my_robot_description -DCMAKE_INSTALL_PREFIX=/home/may/ros2_study/ROS2/ros2_ws/install/my_robot_description
[0.508s] DEBUG:colcon.colcon_core.event_handler.log_command:Invoking command in '/home/may/ros2_study/ROS2/ros2_ws/build/my_robot_description': CMAKE_PREFIX_PATH=${CMAKE_PREFIX_PATH}:/opt/ros/jazzy DEBUGINFOD_URLS=https://debuginfod.ubuntu.com /usr/bin/cmake --build /home/may/ros2_study/ROS2/ros2_ws/build/my_robot_description -- -j16 -l16
[0.532s] DEBUG:colcon.colcon_core.event_handler.log_command:Invoked command in '/home/may/ros2_study/ROS2/ros2_ws/build/my_robot_bringup' returned '0': CMAKE_PREFIX_PATH=${CMAKE_PREFIX_PATH}:/opt/ros/jazzy DEBUGINFOD_URLS=https://debuginfod.ubuntu.com /usr/bin/cmake --build /home/may/ros2_study/ROS2/ros2_ws/build/my_robot_bringup -- -j16 -l16
[0.537s] DEBUG:colcon.colcon_core.event_handler.log_command:Invoking command in '/home/may/ros2_study/ROS2/ros2_ws/build/my_robot_bringup': CMAKE_PREFIX_PATH=${CMAKE_PREFIX_PATH}:/opt/ros/jazzy DEBUGINFOD_URLS=https://debuginfod.ubuntu.com /usr/bin/cmake --install /home/may/ros2_study/ROS2/ros2_ws/build/my_robot_bringup
[0.538s] DEBUG:colcon.colcon_core.event_handler.log_command:Invoked command in '/home/may/ros2_study/ROS2/ros2_ws/build/my_robot_description' returned '0': CMAKE_PREFIX_PATH=${CMAKE_PREFIX_PATH}:/opt/ros/jazzy DEBUGINFOD_URLS=https://debuginfod.ubuntu.com /usr/bin/cmake --build /home/may/ros2_study/ROS2/ros2_ws/build/my_robot_description -- -j16 -l16
[0.538s] DEBUG:colcon.colcon_core.event_handler.log_command:Invoking command in '/home/may/ros2_study/ROS2/ros2_ws/build/my_robot_description': CMAKE_PREFIX_PATH=${CMAKE_PREFIX_PATH}:/opt/ros/jazzy DEBUGINFOD_URLS=https://debuginfod.ubuntu.com /usr/bin/cmake --install /home/may/ros2_study/ROS2/ros2_ws/build/my_robot_description
[0.551s] Level 1:colcon.colcon_core.environment:create_environment_scripts_only(my_robot_bringup)
[0.551s] DEBUG:colcon.colcon_core.event_handler.log_command:Invoked command in '/home/may/ros2_study/ROS2/ros2_ws/build/my_robot_bringup' returned '0': CMAKE_PREFIX_PATH=${CMAKE_PREFIX_PATH}:/opt/ros/jazzy DEBUGINFOD_URLS=https://debuginfod.ubuntu.com /usr/bin/cmake --install /home/may/ros2_study/ROS2/ros2_ws/build/my_robot_bringup
[0.553s] Level 1:colcon.colcon_core.environment:checking '/home/may/ros2_study/ROS2/ros2_ws/install/my_robot_bringup' for CMake module files
[0.554s] Level 1:colcon.colcon_core.environment:checking '/home/may/ros2_study/ROS2/ros2_ws/install/my_robot_bringup' for CMake config files
[0.554s] Level 1:colcon.colcon_core.shell:create_environment_hook('my_robot_bringup', 'cmake_prefix_path')
[0.554s] INFO:colcon.colcon_core.shell:Creating environment hook '/home/may/ros2_study/ROS2/ros2_ws/install/my_robot_bringup/share/my_robot_bringup/hook/cmake_prefix_path.ps1'
[0.555s] INFO:colcon.colcon_core.shell:Creating environment descriptor '/home/may/ros2_study/ROS2/ros2_ws/install/my_robot_bringup/share/my_robot_bringup/hook/cmake_prefix_path.dsv'
[0.555s] INFO:colcon.colcon_core.shell:Creating environment hook '/home/may/ros2_study/ROS2/ros2_ws/install/my_robot_bringup/share/my_robot_bringup/hook/cmake_prefix_path.sh'
[0.555s] Level 1:colcon.colcon_core.environment:checking '/home/may/ros2_study/ROS2/ros2_ws/install/my_robot_bringup/bin'
[0.555s] Level 1:colcon.colcon_core.environment:checking '/home/may/ros2_study/ROS2/ros2_ws/install/my_robot_bringup/lib/pkgconfig/my_robot_bringup.pc'
[0.556s] Level 1:colcon.colcon_core.environment:checking '/home/may/ros2_study/ROS2/ros2_ws/install/my_robot_bringup/lib/python3.12/site-packages'
[0.556s] Level 1:colcon.colcon_core.environment:checking '/home/may/ros2_study/ROS2/ros2_ws/install/my_robot_bringup/bin'
[0.556s] INFO:colcon.colcon_core.shell:Creating package script '/home/may/ros2_study/ROS2/ros2_ws/install/my_robot_bringup/share/my_robot_bringup/package.ps1'
[0.556s] INFO:colcon.colcon_core.shell:Creating package descriptor '/home/may/ros2_study/ROS2/ros2_ws/install/my_robot_bringup/share/my_robot_bringup/package.dsv'
[0.556s] INFO:colcon.colcon_core.shell:Creating package script '/home/may/ros2_study/ROS2/ros2_ws/install/my_robot_bringup/share/my_robot_bringup/package.sh'
[0.557s] INFO:colcon.colcon_core.shell:Creating package script '/home/may/ros2_study/ROS2/ros2_ws/install/my_robot_bringup/share/my_robot_bringup/package.bash'
[0.557s] INFO:colcon.colcon_core.shell:Creating package script '/home/may/ros2_study/ROS2/ros2_ws/install/my_robot_bringup/share/my_robot_bringup/package.zsh'
[0.557s] Level 1:colcon.colcon_core.environment:create_file_with_runtime_dependencies(/home/may/ros2_study/ROS2/ros2_ws/install/my_robot_bringup/share/colcon-core/packages/my_robot_bringup)
[0.557s] Level 1:colcon.colcon_core.environment:create_environment_scripts_only(my_robot_bringup)
[0.557s] Level 1:colcon.colcon_core.environment:checking '/home/may/ros2_study/ROS2/ros2_ws/install/my_robot_bringup' for CMake module files
[0.558s] Level 1:colcon.colcon_core.environment:checking '/home/may/ros2_study/ROS2/ros2_ws/install/my_robot_bringup' for CMake config files
[0.558s] Level 1:colcon.colcon_core.shell:create_environment_hook('my_robot_bringup', 'cmake_prefix_path')
[0.558s] INFO:colcon.colcon_core.shell:Creating environment hook '/home/may/ros2_study/ROS2/ros2_ws/install/my_robot_bringup/share/my_robot_bringup/hook/cmake_prefix_path.ps1'
[0.558s] INFO:colcon.colcon_core.shell:Creating environment descriptor '/home/may/ros2_study/ROS2/ros2_ws/install/my_robot_bringup/share/my_robot_bringup/hook/cmake_prefix_path.dsv'
[0.558s] INFO:colcon.colcon_core.shell:Creating environment hook '/home/may/ros2_study/ROS2/ros2_ws/install/my_robot_bringup/share/my_robot_bringup/hook/cmake_prefix_path.sh'
[0.558s] Level 1:colcon.colcon_core.environment:checking '/home/may/ros2_study/ROS2/ros2_ws/install/my_robot_bringup/bin'
[0.558s] Level 1:colcon.colcon_core.environment:checking '/home/may/ros2_study/ROS2/ros2_ws/install/my_robot_bringup/lib/pkgconfig/my_robot_bringup.pc'
[0.559s] Level 1:colcon.colcon_core.environment:checking '/home/may/ros2_study/ROS2/ros2_ws/install/my_robot_bringup/lib/python3.12/site-packages'
[0.559s] Level 1:colcon.colcon_core.environment:checking '/home/may/ros2_study/ROS2/ros2_ws/install/my_robot_bringup/bin'
[0.559s] INFO:colcon.colcon_core.shell:Creating package script '/home/may/ros2_study/ROS2/ros2_ws/install/my_robot_bringup/share/my_robot_bringup/package.ps1'
[0.559s] INFO:colcon.colcon_core.shell:Creating package descriptor '/home/may/ros2_study/ROS2/ros2_ws/install/my_robot_bringup/share/my_robot_bringup/package.dsv'
[0.559s] INFO:colcon.colcon_core.shell:Creating package script '/home/may/ros2_study/ROS2/ros2_ws/install/my_robot_bringup/share/my_robot_bringup/package.sh'
[0.560s] INFO:colcon.colcon_core.shell:Creating package script '/home/may/ros2_study/ROS2/ros2_ws/install/my_robot_bringup/share/my_robot_bringup/package.bash'
[0.560s] INFO:colcon.colcon_core.shell:Creating package script '/home/may/ros2_study/ROS2/ros2_ws/install/my_robot_bringup/share/my_robot_bringup/package.zsh'
[0.560s] Level 1:colcon.colcon_core.environment:create_file_with_runtime_dependencies(/home/may/ros2_study/ROS2/ros2_ws/install/my_robot_bringup/share/colcon-core/packages/my_robot_bringup)
[0.560s] Level 1:colcon.colcon_core.environment:create_environment_scripts_only(my_robot_description)
[0.561s] DEBUG:colcon.colcon_core.event_handler.log_command:Invoked command in '/home/may/ros2_study/ROS2/ros2_ws/build/my_robot_description' returned '0': CMAKE_PREFIX_PATH=${CMAKE_PREFIX_PATH}:/opt/ros/jazzy DEBUGINFOD_URLS=https://debuginfod.ubuntu.com /usr/bin/cmake --install /home/may/ros2_study/ROS2/ros2_ws/build/my_robot_description
[0.561s] Level 1:colcon.colcon_core.environment:checking '/home/may/ros2_study/ROS2/ros2_ws/install/my_robot_description' for CMake module files
[0.562s] Level 1:colcon.colcon_core.environment:checking '/home/may/ros2_study/ROS2/ros2_ws/install/my_robot_description' for CMake config files
[0.562s] Level 1:colcon.colcon_core.shell:create_environment_hook('my_robot_description', 'cmake_prefix_path')
[0.562s] INFO:colcon.colcon_core.shell:Creating environment hook '/home/may/ros2_study/ROS2/ros2_ws/install/my_robot_description/share/my_robot_description/hook/cmake_prefix_path.ps1'
[0.562s] INFO:colcon.colcon_core.shell:Creating environment descriptor '/home/may/ros2_study/ROS2/ros2_ws/install/my_robot_description/share/my_robot_description/hook/cmake_prefix_path.dsv'
[0.563s] INFO:colcon.colcon_core.shell:Creating environment hook '/home/may/ros2_study/ROS2/ros2_ws/install/my_robot_description/share/my_robot_description/hook/cmake_prefix_path.sh'
[0.563s] Level 1:colcon.colcon_core.environment:checking '/home/may/ros2_study/ROS2/ros2_ws/install/my_robot_description/bin'
[0.563s] Level 1:colcon.colcon_core.environment:checking '/home/may/ros2_study/ROS2/ros2_ws/install/my_robot_description/lib/pkgconfig/my_robot_description.pc'
[0.564s] Level 1:colcon.colcon_core.environment:checking '/home/may/ros2_study/ROS2/ros2_ws/install/my_robot_description/lib/python3.12/site-packages'
[0.564s] Level 1:colcon.colcon_core.environment:checking '/home/may/ros2_study/ROS2/ros2_ws/install/my_robot_description/bin'
[0.564s] INFO:colcon.colcon_core.shell:Creating package script '/home/may/ros2_study/ROS2/ros2_ws/install/my_robot_description/share/my_robot_description/package.ps1'
[0.564s] INFO:colcon.colcon_core.shell:Creating package descriptor '/home/may/ros2_study/ROS2/ros2_ws/install/my_robot_description/share/my_robot_description/package.dsv'
[0.564s] INFO:colcon.colcon_core.shell:Creating package script '/home/may/ros2_study/ROS2/ros2_ws/install/my_robot_description/share/my_robot_description/package.sh'
[0.564s] INFO:colcon.colcon_core.shell:Creating package script '/home/may/ros2_study/ROS2/ros2_ws/install/my_robot_description/share/my_robot_description/package.bash'
[0.565s] INFO:colcon.colcon_core.shell:Creating package script '/home/may/ros2_study/ROS2/ros2_ws/install/my_robot_description/share/my_robot_description/package.zsh'
[0.565s] Level 1:colcon.colcon_core.environment:create_file_with_runtime_dependencies(/home/may/ros2_study/ROS2/ros2_ws/install/my_robot_description/share/colcon-core/packages/my_robot_description)
[0.565s] Level 1:colcon.colcon_core.environment:create_environment_scripts_only(my_robot_description)
[0.565s] Level 1:colcon.colcon_core.environment:checking '/home/may/ros2_study/ROS2/ros2_ws/install/my_robot_description' for CMake module files
[0.565s] Level 1:colcon.colcon_core.environment:checking '/home/may/ros2_study/ROS2/ros2_ws/install/my_robot_description' for CMake config files
[0.565s] Level 1:colcon.colcon_core.shell:create_environment_hook('my_robot_description', 'cmake_prefix_path')
[0.565s] INFO:colcon.colcon_core.shell:Creating environment hook '/home/may/ros2_study/ROS2/ros2_ws/install/my_robot_description/share/my_robot_description/hook/cmake_prefix_path.ps1'
[0.566s] INFO:colcon.colcon_core.shell:Creating environment descriptor '/home/may/ros2_study/ROS2/ros2_ws/install/my_robot_description/share/my_robot_description/hook/cmake_prefix_path.dsv'
[0.566s] INFO:colcon.colcon_core.shell:Creating environment hook '/home/may/ros2_study/ROS2/ros2_ws/install/my_robot_description/share/my_robot_description/hook/cmake_prefix_path.sh'
[0.566s] Level 1:colcon.colcon_core.environment:checking '/home/may/ros2_study/ROS2/ros2_ws/install/my_robot_description/bin'
[0.566s] Level 1:colcon.colcon_core.environment:checking '/home/may/ros2_study/ROS2/ros2_ws/install/my_robot_description/lib/pkgconfig/my_robot_description.pc'
[0.566s] Level 1:colcon.colcon_core.environment:checking '/home/may/ros2_study/ROS2/ros2_ws/install/my_robot_description/lib/python3.12/site-packages'
[0.566s] Level 1:colcon.colcon_core.environment:checking '/home/may/ros2_study/ROS2/ros2_ws/install/my_robot_description/bin'
[0.566s] INFO:colcon.colcon_core.shell:Creating package script '/home/may/ros2_study/ROS2/ros2_ws/install/my_robot_description/share/my_robot_description/package.ps1'
[0.567s] INFO:colcon.colcon_core.shell:Creating package descriptor '/home/may/ros2_study/ROS2/ros2_ws/install/my_robot_description/share/my_robot_description/package.dsv'
[0.567s] INFO:colcon.colcon_core.shell:Creating package script '/home/may/ros2_study/ROS2/ros2_ws/install/my_robot_description/share/my_robot_description/package.sh'
[0.567s] INFO:colcon.colcon_core.shell:Creating package script '/home/may/ros2_study/ROS2/ros2_ws/install/my_robot_description/share/my_robot_description/package.bash'
[0.567s] INFO:colcon.colcon_core.shell:Creating package script '/home/may/ros2_study/ROS2/ros2_ws/install/my_robot_description/share/my_robot_description/package.zsh'
[0.567s] Level 1:colcon.colcon_core.environment:create_file_with_runtime_dependencies(/home/may/ros2_study/ROS2/ros2_ws/install/my_robot_description/share/colcon-core/packages/my_robot_description)
[0.586s] DEBUG:colcon.colcon_core.event_handler.log_command:Invoking command in '/home/may/ros2_study/ROS2/ros2_ws/src/my_py_pkg': DEBUGINFOD_URLS=https://debuginfod.ubuntu.com PYTHONPATH=/home/may/ros2_study/ROS2/ros2_ws/build/my_py_pkg/prefix_override:/usr/lib/python3/dist-packages/colcon_core/task/python/colcon_distutils_commands:/home/may/ros2_study/ROS2/ros2_ws/install/my_py_pkg/lib/python3.12/site-packages:${PYTHONPATH} /usr/bin/python3 -W ignore:setup.py install is deprecated -W ignore:easy_install command is deprecated setup.py egg_info --egg-base ../../build/my_py_pkg build --build-base /home/may/ros2_study/ROS2/ros2_ws/build/my_py_pkg/build install --record /home/may/ros2_study/ROS2/ros2_ws/build/my_py_pkg/install.log --single-version-externally-managed install_data
[0.855s] Level 1:colcon.colcon_core.environment:checking '/home/may/ros2_study/ROS2/ros2_ws/install/my_py_pkg' for CMake module files
[0.856s] DEBUG:colcon.colcon_core.event_handler.log_command:Invoked command in '/home/may/ros2_study/ROS2/ros2_ws/src/my_py_pkg' returned '0': DEBUGINFOD_URLS=https://debuginfod.ubuntu.com PYTHONPATH=/home/may/ros2_study/ROS2/ros2_ws/build/my_py_pkg/prefix_override:/usr/lib/python3/dist-packages/colcon_core/task/python/colcon_distutils_commands:/home/may/ros2_study/ROS2/ros2_ws/install/my_py_pkg/lib/python3.12/site-packages:${PYTHONPATH} /usr/bin/python3 -W ignore:setup.py install is deprecated -W ignore:easy_install command is deprecated setup.py egg_info --egg-base ../../build/my_py_pkg build --build-base /home/may/ros2_study/ROS2/ros2_ws/build/my_py_pkg/build install --record /home/may/ros2_study/ROS2/ros2_ws/build/my_py_pkg/install.log --single-version-externally-managed install_data
[0.856s] Level 1:colcon.colcon_core.environment:checking '/home/may/ros2_study/ROS2/ros2_ws/install/my_py_pkg' for CMake config files
[0.856s] Level 1:colcon.colcon_core.environment:checking '/home/may/ros2_study/ROS2/ros2_ws/install/my_py_pkg/lib'
[0.856s] Level 1:colcon.colcon_core.environment:checking '/home/may/ros2_study/ROS2/ros2_ws/install/my_py_pkg/bin'
[0.856s] Level 1:colcon.colcon_core.environment:checking '/home/may/ros2_study/ROS2/ros2_ws/install/my_py_pkg/lib/pkgconfig/my_py_pkg.pc'
[0.857s] Level 1:colcon.colcon_core.environment:checking '/home/may/ros2_study/ROS2/ros2_ws/install/my_py_pkg/lib/python3.12/site-packages'
[0.857s] Level 1:colcon.colcon_core.shell:create_environment_hook('my_py_pkg', 'pythonpath')
[0.857s] INFO:colcon.colcon_core.shell:Creating environment hook '/home/may/ros2_study/ROS2/ros2_ws/install/my_py_pkg/share/my_py_pkg/hook/pythonpath.ps1'
[0.857s] INFO:colcon.colcon_core.shell:Creating environment descriptor '/home/may/ros2_study/ROS2/ros2_ws/install/my_py_pkg/share/my_py_pkg/hook/pythonpath.dsv'
[0.857s] INFO:colcon.colcon_core.shell:Creating environment hook '/home/may/ros2_study/ROS2/ros2_ws/install/my_py_pkg/share/my_py_pkg/hook/pythonpath.sh'
[0.857s] Level 1:colcon.colcon_core.environment:checking '/home/may/ros2_study/ROS2/ros2_ws/install/my_py_pkg/bin'
[0.857s] Level 1:colcon.colcon_core.environment:create_environment_scripts_only(my_py_pkg)
[0.858s] INFO:colcon.colcon_core.shell:Creating package script '/home/may/ros2_study/ROS2/ros2_ws/install/my_py_pkg/share/my_py_pkg/package.ps1'
[0.858s] INFO:colcon.colcon_core.shell:Creating package descriptor '/home/may/ros2_study/ROS2/ros2_ws/install/my_py_pkg/share/my_py_pkg/package.dsv'
[0.858s] INFO:colcon.colcon_core.shell:Creating package script '/home/may/ros2_study/ROS2/ros2_ws/install/my_py_pkg/share/my_py_pkg/package.sh'
[0.858s] INFO:colcon.colcon_core.shell:Creating package script '/home/may/ros2_study/ROS2/ros2_ws/install/my_py_pkg/share/my_py_pkg/package.bash'
[0.858s] INFO:colcon.colcon_core.shell:Creating package script '/home/may/ros2_study/ROS2/ros2_ws/install/my_py_pkg/share/my_py_pkg/package.zsh'
[0.858s] Level 1:colcon.colcon_core.environment:create_file_with_runtime_dependencies(/home/may/ros2_study/ROS2/ros2_ws/install/my_py_pkg/share/colcon-core/packages/my_py_pkg)
[1.013s] DEBUG:colcon.colcon_core.event_handler.log_command:Invoked command in '/home/may/ros2_study/ROS2/ros2_ws/build/my_cpp_pkg' returned '0': CMAKE_PREFIX_PATH=${CMAKE_PREFIX_PATH}:/opt/ros/jazzy DEBUGINFOD_URLS=https://debuginfod.ubuntu.com /usr/bin/cmake /home/may/ros2_study/ROS2/ros2_ws/src/my_cpp_pkg -DCMAKE_INSTALL_PREFIX=/home/may/ros2_study/ROS2/ros2_ws/install/my_cpp_pkg
[1.014s] DEBUG:colcon.colcon_core.event_handler.log_command:Invoking command in '/home/may/ros2_study/ROS2/ros2_ws/build/my_cpp_pkg': CMAKE_PREFIX_PATH=${CMAKE_PREFIX_PATH}:/opt/ros/jazzy DEBUGINFOD_URLS=https://debuginfod.ubuntu.com /usr/bin/cmake --build /home/may/ros2_study/ROS2/ros2_ws/build/my_cpp_pkg -- -j16 -l16
[1.040s] DEBUG:colcon.colcon_core.event_handler.log_command:Invoked command in '/home/may/ros2_study/ROS2/ros2_ws/build/my_cpp_pkg' returned '0': CMAKE_PREFIX_PATH=${CMAKE_PREFIX_PATH}:/opt/ros/jazzy DEBUGINFOD_URLS=https://debuginfod.ubuntu.com /usr/bin/cmake --build /home/may/ros2_study/ROS2/ros2_ws/build/my_cpp_pkg -- -j16 -l16
[1.041s] DEBUG:colcon.colcon_core.event_handler.log_command:Invoking command in '/home/may/ros2_study/ROS2/ros2_ws/build/my_cpp_pkg': CMAKE_PREFIX_PATH=${CMAKE_PREFIX_PATH}:/opt/ros/jazzy DEBUGINFOD_URLS=https://debuginfod.ubuntu.com /usr/bin/cmake --install /home/may/ros2_study/ROS2/ros2_ws/build/my_cpp_pkg
[1.049s] Level 1:colcon.colcon_core.environment:create_environment_scripts_only(my_cpp_pkg)
[1.049s] Level 1:colcon.colcon_core.environment:checking '/home/may/ros2_study/ROS2/ros2_ws/install/my_cpp_pkg' for CMake module files
[1.049s] DEBUG:colcon.colcon_core.event_handler.log_command:Invoked command in '/home/may/ros2_study/ROS2/ros2_ws/build/my_cpp_pkg' returned '0': CMAKE_PREFIX_PATH=${CMAKE_PREFIX_PATH}:/opt/ros/jazzy DEBUGINFOD_URLS=https://debuginfod.ubuntu.com /usr/bin/cmake --install /home/may/ros2_study/ROS2/ros2_ws/build/my_cpp_pkg
[1.049s] Level 1:colcon.colcon_core.environment:checking '/home/may/ros2_study/ROS2/ros2_ws/install/my_cpp_pkg' for CMake config files
[1.049s] Level 1:colcon.colcon_core.shell:create_environment_hook('my_cpp_pkg', 'cmake_prefix_path')
[1.049s] INFO:colcon.colcon_core.shell:Creating environment hook '/home/may/ros2_study/ROS2/ros2_ws/install/my_cpp_pkg/share/my_cpp_pkg/hook/cmake_prefix_path.ps1'
[1.050s] INFO:colcon.colcon_core.shell:Creating environment descriptor '/home/may/ros2_study/ROS2/ros2_ws/install/my_cpp_pkg/share/my_cpp_pkg/hook/cmake_prefix_path.dsv'
[1.050s] INFO:colcon.colcon_core.shell:Creating environment hook '/home/may/ros2_study/ROS2/ros2_ws/install/my_cpp_pkg/share/my_cpp_pkg/hook/cmake_prefix_path.sh'
[1.050s] Level 1:colcon.colcon_core.environment:checking '/home/may/ros2_study/ROS2/ros2_ws/install/my_cpp_pkg/bin'
[1.050s] Level 1:colcon.colcon_core.environment:checking '/home/may/ros2_study/ROS2/ros2_ws/install/my_cpp_pkg/lib/pkgconfig/my_cpp_pkg.pc'
[1.050s] Level 1:colcon.colcon_core.environment:checking '/home/may/ros2_study/ROS2/ros2_ws/install/my_cpp_pkg/lib/python3.12/site-packages'
[1.050s] Level 1:colcon.colcon_core.environment:checking '/home/may/ros2_study/ROS2/ros2_ws/install/my_cpp_pkg/bin'
[1.050s] INFO:colcon.colcon_core.shell:Creating package script '/home/may/ros2_study/ROS2/ros2_ws/install/my_cpp_pkg/share/my_cpp_pkg/package.ps1'
[1.051s] INFO:colcon.colcon_core.shell:Creating package descriptor '/home/may/ros2_study/ROS2/ros2_ws/install/my_cpp_pkg/share/my_cpp_pkg/package.dsv'
[1.051s] INFO:colcon.colcon_core.shell:Creating package script '/home/may/ros2_study/ROS2/ros2_ws/install/my_cpp_pkg/share/my_cpp_pkg/package.sh'
[1.051s] INFO:colcon.colcon_core.shell:Creating package script '/home/may/ros2_study/ROS2/ros2_ws/install/my_cpp_pkg/share/my_cpp_pkg/package.bash'
[1.051s] INFO:colcon.colcon_core.shell:Creating package script '/home/may/ros2_study/ROS2/ros2_ws/install/my_cpp_pkg/share/my_cpp_pkg/package.zsh'
[1.051s] Level 1:colcon.colcon_core.environment:create_file_with_runtime_dependencies(/home/may/ros2_study/ROS2/ros2_ws/install/my_cpp_pkg/share/colcon-core/packages/my_cpp_pkg)
[1.052s] Level 1:colcon.colcon_core.environment:create_environment_scripts_only(my_cpp_pkg)
[1.052s] Level 1:colcon.colcon_core.environment:checking '/home/may/ros2_study/ROS2/ros2_ws/install/my_cpp_pkg' for CMake module files
[1.052s] Level 1:colcon.colcon_core.environment:checking '/home/may/ros2_study/ROS2/ros2_ws/install/my_cpp_pkg' for CMake config files
[1.052s] Level 1:colcon.colcon_core.shell:create_environment_hook('my_cpp_pkg', 'cmake_prefix_path')
[1.052s] INFO:colcon.colcon_core.shell:Creating environment hook '/home/may/ros2_study/ROS2/ros2_ws/install/my_cpp_pkg/share/my_cpp_pkg/hook/cmake_prefix_path.ps1'
[1.052s] INFO:colcon.colcon_core.shell:Creating environment descriptor '/home/may/ros2_study/ROS2/ros2_ws/install/my_cpp_pkg/share/my_cpp_pkg/hook/cmake_prefix_path.dsv'
[1.052s] INFO:colcon.colcon_core.shell:Creating environment hook '/home/may/ros2_study/ROS2/ros2_ws/install/my_cpp_pkg/share/my_cpp_pkg/hook/cmake_prefix_path.sh'
[1.053s] Level 1:colcon.colcon_core.environment:checking '/home/may/ros2_study/ROS2/ros2_ws/install/my_cpp_pkg/bin'
[1.053s] Level 1:colcon.colcon_core.environment:checking '/home/may/ros2_study/ROS2/ros2_ws/install/my_cpp_pkg/lib/pkgconfig/my_cpp_pkg.pc'
[1.053s] Level 1:colcon.colcon_core.environment:checking '/home/may/ros2_study/ROS2/ros2_ws/install/my_cpp_pkg/lib/python3.12/site-packages'
[1.053s] Level 1:colcon.colcon_core.environment:checking '/home/may/ros2_study/ROS2/ros2_ws/install/my_cpp_pkg/bin'
[1.053s] INFO:colcon.colcon_core.shell:Creating package script '/home/may/ros2_study/ROS2/ros2_ws/install/my_cpp_pkg/share/my_cpp_pkg/package.ps1'
[1.053s] INFO:colcon.colcon_core.shell:Creating package descriptor '/home/may/ros2_study/ROS2/ros2_ws/install/my_cpp_pkg/share/my_cpp_pkg/package.dsv'
[1.053s] INFO:colcon.colcon_core.shell:Creating package script '/home/may/ros2_study/ROS2/ros2_ws/install/my_cpp_pkg/share/my_cpp_pkg/package.sh'
[1.054s] INFO:colcon.colcon_core.shell:Creating package script '/home/may/ros2_study/ROS2/ros2_ws/install/my_cpp_pkg/share/my_cpp_pkg/package.bash'
[1.054s] INFO:colcon.colcon_core.shell:Creating package script '/home/may/ros2_study/ROS2/ros2_ws/install/my_cpp_pkg/share/my_cpp_pkg/package.zsh'
[1.054s] Level 1:colcon.colcon_core.environment:create_file_with_runtime_dependencies(/home/may/ros2_study/ROS2/ros2_ws/install/my_cpp_pkg/share/colcon-core/packages/my_cpp_pkg)
[1.054s] DEBUG:colcon.colcon_parallel_executor.executor.parallel:closing loop
[1.054s] DEBUG:colcon.colcon_parallel_executor.executor.parallel:loop closed
[1.054s] DEBUG:colcon.colcon_parallel_executor.executor.parallel:run_until_complete finished with '0'
[1.054s] DEBUG:colcon.colcon_core.event_reactor:joining thread
[1.057s] INFO:colcon.colcon_core.plugin_system:Skipping extension 'colcon_notification.desktop_notification.terminal_notifier': Not used on non-Darwin systems
[1.057s] INFO:colcon.colcon_core.plugin_system:Skipping extension 'colcon_notification.desktop_notification.win32': Not used on non-Windows systems
[1.057s] INFO:colcon.colcon_notification.desktop_notification:Sending desktop notification using 'notify2'
[1.081s] DEBUG:colcon.colcon_core.event_reactor:joined thread
[1.081s] INFO:colcon.colcon_core.shell:Creating prefix script '/home/may/ros2_study/ROS2/ros2_ws/install/local_setup.ps1'
[1.082s] INFO:colcon.colcon_core.shell:Creating prefix util module '/home/may/ros2_study/ROS2/ros2_ws/install/_local_setup_util_ps1.py'
[1.083s] INFO:colcon.colcon_core.shell:Creating prefix chain script '/home/may/ros2_study/ROS2/ros2_ws/install/setup.ps1'
[1.083s] INFO:colcon.colcon_core.shell:Creating prefix script '/home/may/ros2_study/ROS2/ros2_ws/install/local_setup.sh'
[1.083s] INFO:colcon.colcon_core.shell:Creating prefix util module '/home/may/ros2_study/ROS2/ros2_ws/install/_local_setup_util_sh.py'
[1.084s] INFO:colcon.colcon_core.shell:Creating prefix chain script '/home/may/ros2_study/ROS2/ros2_ws/install/setup.sh'
[1.084s] INFO:colcon.colcon_core.shell:Creating prefix script '/home/may/ros2_study/ROS2/ros2_ws/install/local_setup.bash'
[1.084s] INFO:colcon.colcon_core.shell:Creating prefix chain script '/home/may/ros2_study/ROS2/ros2_ws/install/setup.bash'
[1.085s] INFO:colcon.colcon_core.shell:Creating prefix script '/home/may/ros2_study/ROS2/ros2_ws/install/local_setup.zsh'
[1.085s] INFO:colcon.colcon_core.shell:Creating prefix chain script '/home/may/ros2_study/ROS2/ros2_ws/install/setup.zsh'
