[0.014s] Invoking command in '/home/may/ros2_study/ros2_ws/build/my_robot_description': CMAKE_PREFIX_PATH=${CMAKE_PREFIX_PATH}:/home/may/ros2_ws/install/my_py_pkg:/opt/ros/jazzy DEBUGINFOD_URLS=https://debuginfod.ubuntu.com /usr/bin/cmake --build /home/may/ros2_study/ros2_ws/build/my_robot_description -- -j16 -l16
[0.088s] Invoked command in '/home/may/ros2_study/ros2_ws/build/my_robot_description' returned '0': CMAKE_PREFIX_PATH=${CMAKE_PREFIX_PATH}:/home/may/ros2_ws/install/my_py_pkg:/opt/ros/jazzy DEBUGINFOD_URLS=https://debuginfod.ubuntu.com /usr/bin/cmake --build /home/may/ros2_study/ros2_ws/build/my_robot_description -- -j16 -l16
[0.103s] Invoking command in '/home/may/ros2_study/ros2_ws/build/my_robot_description': CMAKE_PREFIX_PATH=${CMAKE_PREFIX_PATH}:/home/may/ros2_ws/install/my_py_pkg:/opt/ros/jazzy DEBUGINFOD_URLS=https://debuginfod.ubuntu.com /usr/bin/cmake --install /home/may/ros2_study/ros2_ws/build/my_robot_description
[0.120s] -- Install configuration: ""
[0.121s] -- Execute custom install script
[0.122s] -- Up-to-date symlink: /home/may/ros2_study/ros2_ws/install/my_robot_description/share/my_robot_description//urdf/common_properties.xacro
[0.123s] -- Up-to-date symlink: /home/may/ros2_study/ros2_ws/install/my_robot_description/share/my_robot_description//urdf/mobile_base.xacro
[0.124s] -- Up-to-date symlink: /home/may/ros2_study/ros2_ws/install/my_robot_description/share/my_robot_description//urdf/my_robot.urdf.xacro
[0.125s] -- Up-to-date symlink: /home/may/ros2_study/ros2_ws/install/my_robot_description/share/my_robot_description//launch/display.launch.py
[0.125s] -- Up-to-date symlink: /home/may/ros2_study/ros2_ws/install/my_robot_description/share/my_robot_description//launch/display.launch.xml
[0.126s] -- Up-to-date symlink: /home/may/ros2_study/ros2_ws/install/my_robot_description/share/my_robot_description//rviz/urdf_config.rviz
[0.127s] -- Up-to-date symlink: /home/may/ros2_study/ros2_ws/install/my_robot_description/share/ament_index/resource_index/package_run_dependencies/my_robot_description
[0.127s] -- Up-to-date symlink: /home/may/ros2_study/ros2_ws/install/my_robot_description/share/ament_index/resource_index/parent_prefix_path/my_robot_description
[0.127s] -- Up-to-date symlink: /home/may/ros2_study/ros2_ws/install/my_robot_description/share/my_robot_description/environment/ament_prefix_path.sh
[0.127s] -- Up-to-date symlink: /home/may/ros2_study/ros2_ws/install/my_robot_description/share/my_robot_description/environment/ament_prefix_path.dsv
[0.128s] -- Up-to-date symlink: /home/may/ros2_study/ros2_ws/install/my_robot_description/share/my_robot_description/environment/path.sh
[0.128s] -- Up-to-date symlink: /home/may/ros2_study/ros2_ws/install/my_robot_description/share/my_robot_description/environment/path.dsv
[0.128s] -- Up-to-date symlink: /home/may/ros2_study/ros2_ws/install/my_robot_description/share/my_robot_description/local_setup.bash
[0.129s] -- Up-to-date symlink: /home/may/ros2_study/ros2_ws/install/my_robot_description/share/my_robot_description/local_setup.sh
[0.129s] -- Up-to-date symlink: /home/may/ros2_study/ros2_ws/install/my_robot_description/share/my_robot_description/local_setup.zsh
[0.129s] -- Up-to-date symlink: /home/may/ros2_study/ros2_ws/install/my_robot_description/share/my_robot_description/local_setup.dsv
[0.130s] -- Symlinking: /home/may/ros2_study/ros2_ws/install/my_robot_description/share/my_robot_description/package.dsv
[0.148s] -- Up-to-date symlink: /home/may/ros2_study/ros2_ws/install/my_robot_description/share/ament_index/resource_index/packages/my_robot_description
[0.149s] -- Up-to-date symlink: /home/may/ros2_study/ros2_ws/install/my_robot_description/share/my_robot_description/cmake/my_robot_descriptionConfig.cmake
[0.149s] -- Up-to-date symlink: /home/may/ros2_study/ros2_ws/install/my_robot_description/share/my_robot_description/cmake/my_robot_descriptionConfig-version.cmake
[0.149s] -- Up-to-date symlink: /home/may/ros2_study/ros2_ws/install/my_robot_description/share/my_robot_description/package.xml
[0.152s] Invoked command in '/home/may/ros2_study/ros2_ws/build/my_robot_description' returned '0': CMAKE_PREFIX_PATH=${CMAKE_PREFIX_PATH}:/home/may/ros2_ws/install/my_py_pkg:/opt/ros/jazzy DEBUGINFOD_URLS=https://debuginfod.ubuntu.com /usr/bin/cmake --install /home/may/ros2_study/ros2_ws/build/my_robot_description
