[0.008s] Invoking command in '/home/may/ros2_study/ROS2/ros2_ws/build/my_cpp_pkg': CMAKE_PREFIX_PATH=${CMAKE_PREFIX_PATH}:/home/may/ros2_study/ROS2/ros2_ws/install/my_py_pkg:/opt/ros/jazzy DEBUGINFOD_URLS=https://debuginfod.ubuntu.com /usr/bin/cmake --build /home/may/ros2_study/ROS2/ros2_ws/build/my_cpp_pkg -- -j16 -l16
[0.028s] -- Found ament_cmake: 2.5.4 (/opt/ros/jazzy/share/ament_cmake/cmake)
[0.168s] -- Found rclcpp: 28.1.10 (/opt/ros/jazzy/share/rclcpp/cmake)
[0.192s] -- Found rosidl_generator_c: 4.6.5 (/opt/ros/jazzy/share/rosidl_generator_c/cmake)
[0.198s] -- Found rosidl_generator_cpp: 4.6.5 (/opt/ros/jazzy/share/rosidl_generator_cpp/cmake)
[0.206s] -- Using all available rosidl_typesupport_c: rosidl_typesupport_fastrtps_c;rosidl_typesupport_introspection_c
[0.215s] -- Using all available rosidl_typesupport_cpp: rosidl_typesupport_fastrtps_cpp;rosidl_typesupport_introspection_cpp
[0.256s] -- Found rmw_implementation_cmake: 7.3.2 (/opt/ros/jazzy/share/rmw_implementation_cmake/cmake)
[0.257s] -- Found rmw_fastrtps_cpp: 8.4.2 (/opt/ros/jazzy/share/rmw_fastrtps_cpp/cmake)
[0.304s] -- Using RMW implementation 'rmw_fastrtps_cpp' as default
[0.345s] -- Found example_interfaces: 0.12.0 (/opt/ros/jazzy/share/example_interfaces/cmake)
[0.432s] -- Configuring done (0.4s)
[0.445s] -- Generating done (0.0s)
[0.448s] -- Build files have been written to: /home/may/ros2_study/ROS2/ros2_ws/build/my_cpp_pkg
[0.471s] [ 16%] [32mBuilding CXX object CMakeFiles/smartphone.dir/src/smartphone.cpp.o[0m
[0.475s] [ 50%] Built target robot_news_station
[0.476s] [ 83%] Built target cpp_node
[4.422s] [100%] [32m[1mLinking CXX executable smartphone[0m
[4.606s] [100%] Built target smartphone
[4.614s] Invoked command in '/home/may/ros2_study/ROS2/ros2_ws/build/my_cpp_pkg' returned '0': CMAKE_PREFIX_PATH=${CMAKE_PREFIX_PATH}:/home/may/ros2_study/ROS2/ros2_ws/install/my_py_pkg:/opt/ros/jazzy DEBUGINFOD_URLS=https://debuginfod.ubuntu.com /usr/bin/cmake --build /home/may/ros2_study/ROS2/ros2_ws/build/my_cpp_pkg -- -j16 -l16
[4.623s] Invoking command in '/home/may/ros2_study/ROS2/ros2_ws/build/my_cpp_pkg': CMAKE_PREFIX_PATH=${CMAKE_PREFIX_PATH}:/home/may/ros2_study/ROS2/ros2_ws/install/my_py_pkg:/opt/ros/jazzy DEBUGINFOD_URLS=https://debuginfod.ubuntu.com /usr/bin/cmake --install /home/may/ros2_study/ROS2/ros2_ws/build/my_cpp_pkg
[4.629s] -- Install configuration: ""
[4.630s] -- Up-to-date: /home/may/ros2_study/ROS2/ros2_ws/install/my_cpp_pkg/lib/my_cpp_pkg/cpp_node
[4.630s] -- Up-to-date: /home/may/ros2_study/ROS2/ros2_ws/install/my_cpp_pkg/lib/my_cpp_pkg/robot_news_station
[4.630s] -- Installing: /home/may/ros2_study/ROS2/ros2_ws/install/my_cpp_pkg/lib/my_cpp_pkg/smartphone
[4.633s] -- Set non-toolchain portion of runtime path of "/home/may/ros2_study/ROS2/ros2_ws/install/my_cpp_pkg/lib/my_cpp_pkg/smartphone" to ""
[4.633s] -- Up-to-date: /home/may/ros2_study/ROS2/ros2_ws/install/my_cpp_pkg/share/ament_index/resource_index/package_run_dependencies/my_cpp_pkg
[4.633s] -- Up-to-date: /home/may/ros2_study/ROS2/ros2_ws/install/my_cpp_pkg/share/ament_index/resource_index/parent_prefix_path/my_cpp_pkg
[4.634s] -- Up-to-date: /home/may/ros2_study/ROS2/ros2_ws/install/my_cpp_pkg/share/my_cpp_pkg/environment/ament_prefix_path.sh
[4.634s] -- Up-to-date: /home/may/ros2_study/ROS2/ros2_ws/install/my_cpp_pkg/share/my_cpp_pkg/environment/ament_prefix_path.dsv
[4.634s] -- Up-to-date: /home/may/ros2_study/ROS2/ros2_ws/install/my_cpp_pkg/share/my_cpp_pkg/environment/path.sh
[4.634s] -- Up-to-date: /home/may/ros2_study/ROS2/ros2_ws/install/my_cpp_pkg/share/my_cpp_pkg/environment/path.dsv
[4.634s] -- Up-to-date: /home/may/ros2_study/ROS2/ros2_ws/install/my_cpp_pkg/share/my_cpp_pkg/local_setup.bash
[4.634s] -- Up-to-date: /home/may/ros2_study/ROS2/ros2_ws/install/my_cpp_pkg/share/my_cpp_pkg/local_setup.sh
[4.634s] -- Up-to-date: /home/may/ros2_study/ROS2/ros2_ws/install/my_cpp_pkg/share/my_cpp_pkg/local_setup.zsh
[4.634s] -- Up-to-date: /home/may/ros2_study/ROS2/ros2_ws/install/my_cpp_pkg/share/my_cpp_pkg/local_setup.dsv
[4.634s] -- Installing: /home/may/ros2_study/ROS2/ros2_ws/install/my_cpp_pkg/share/my_cpp_pkg/package.dsv
[4.634s] -- Up-to-date: /home/may/ros2_study/ROS2/ros2_ws/install/my_cpp_pkg/share/ament_index/resource_index/packages/my_cpp_pkg
[4.634s] -- Up-to-date: /home/may/ros2_study/ROS2/ros2_ws/install/my_cpp_pkg/share/my_cpp_pkg/cmake/my_cpp_pkgConfig.cmake
[4.634s] -- Up-to-date: /home/may/ros2_study/ROS2/ros2_ws/install/my_cpp_pkg/share/my_cpp_pkg/cmake/my_cpp_pkgConfig-version.cmake
[4.634s] -- Up-to-date: /home/may/ros2_study/ROS2/ros2_ws/install/my_cpp_pkg/share/my_cpp_pkg/package.xml
[4.635s] Invoked command in '/home/may/ros2_study/ROS2/ros2_ws/build/my_cpp_pkg' returned '0': CMAKE_PREFIX_PATH=${CMAKE_PREFIX_PATH}:/home/may/ros2_study/ROS2/ros2_ws/install/my_py_pkg:/opt/ros/jazzy DEBUGINFOD_URLS=https://debuginfod.ubuntu.com /usr/bin/cmake --install /home/may/ros2_study/ROS2/ros2_ws/build/my_cpp_pkg
