[0.006s] Invoking command in '/home/may/ros2_study/ROS2/ros2_ws/build/my_robot_bringup': CMAKE_PREFIX_PATH=${CMAKE_PREFIX_PATH}:/opt/ros/jazzy DEBUGINFOD_URLS=https://debuginfod.ubuntu.com /usr/bin/cmake --build /home/may/ros2_study/ROS2/ros2_ws/build/my_robot_bringup -- -j16 -l16
[0.030s] Invoked command in '/home/may/ros2_study/ROS2/ros2_ws/build/my_robot_bringup' returned '0': CMAKE_PREFIX_PATH=${CMAKE_PREFIX_PATH}:/opt/ros/jazzy DEBUGINFOD_URLS=https://debuginfod.ubuntu.com /usr/bin/cmake --build /home/may/ros2_study/ROS2/ros2_ws/build/my_robot_bringup -- -j16 -l16
[0.035s] Invoking command in '/home/may/ros2_study/ROS2/ros2_ws/build/my_robot_bringup': CMAKE_PREFIX_PATH=${CMAKE_PREFIX_PATH}:/opt/ros/jazzy DEBUGINFOD_URLS=https://debuginfod.ubuntu.com /usr/bin/cmake --install /home/may/ros2_study/ROS2/ros2_ws/build/my_robot_bringup
[0.039s] -- Install configuration: ""
[0.039s] -- Up-to-date: /home/may/ros2_study/ROS2/ros2_ws/install/my_robot_bringup/share/my_robot_bringup//launch
[0.040s] -- Up-to-date: /home/may/ros2_study/ROS2/ros2_ws/install/my_robot_bringup/share/my_robot_bringup//launch/my_robot_gazebo.launch.xml
[0.040s] -- Up-to-date: /home/may/ros2_study/ROS2/ros2_ws/install/my_robot_bringup/share/ament_index/resource_index/package_run_dependencies/my_robot_bringup
[0.040s] -- Up-to-date: /home/may/ros2_study/ROS2/ros2_ws/install/my_robot_bringup/share/ament_index/resource_index/parent_prefix_path/my_robot_bringup
[0.040s] -- Up-to-date: /home/may/ros2_study/ROS2/ros2_ws/install/my_robot_bringup/share/my_robot_bringup/environment/ament_prefix_path.sh
[0.040s] -- Up-to-date: /home/may/ros2_study/ROS2/ros2_ws/install/my_robot_bringup/share/my_robot_bringup/environment/ament_prefix_path.dsv
[0.040s] -- Up-to-date: /home/may/ros2_study/ROS2/ros2_ws/install/my_robot_bringup/share/my_robot_bringup/environment/path.sh
[0.040s] -- Up-to-date: /home/may/ros2_study/ROS2/ros2_ws/install/my_robot_bringup/share/my_robot_bringup/environment/path.dsv
[0.040s] -- Up-to-date: /home/may/ros2_study/ROS2/ros2_ws/install/my_robot_bringup/share/my_robot_bringup/local_setup.bash
[0.040s] -- Up-to-date: /home/may/ros2_study/ROS2/ros2_ws/install/my_robot_bringup/share/my_robot_bringup/local_setup.sh
[0.040s] -- Up-to-date: /home/may/ros2_study/ROS2/ros2_ws/install/my_robot_bringup/share/my_robot_bringup/local_setup.zsh
[0.040s] -- Up-to-date: /home/may/ros2_study/ROS2/ros2_ws/install/my_robot_bringup/share/my_robot_bringup/local_setup.dsv
[0.041s] -- Installing: /home/may/ros2_study/ROS2/ros2_ws/install/my_robot_bringup/share/my_robot_bringup/package.dsv
[0.041s] -- Up-to-date: /home/may/ros2_study/ROS2/ros2_ws/install/my_robot_bringup/share/ament_index/resource_index/packages/my_robot_bringup
[0.041s] -- Up-to-date: /home/may/ros2_study/ROS2/ros2_ws/install/my_robot_bringup/share/my_robot_bringup/cmake/my_robot_bringupConfig.cmake
[0.041s] -- Up-to-date: /home/may/ros2_study/ROS2/ros2_ws/install/my_robot_bringup/share/my_robot_bringup/cmake/my_robot_bringupConfig-version.cmake
[0.041s] -- Up-to-date: /home/may/ros2_study/ROS2/ros2_ws/install/my_robot_bringup/share/my_robot_bringup/package.xml
[0.042s] Invoked command in '/home/may/ros2_study/ROS2/ros2_ws/build/my_robot_bringup' returned '0': CMAKE_PREFIX_PATH=${CMAKE_PREFIX_PATH}:/opt/ros/jazzy DEBUGINFOD_URLS=https://debuginfod.ubuntu.com /usr/bin/cmake --install /home/may/ros2_study/ROS2/ros2_ws/build/my_robot_bringup
