[0.021s] Invoking command in '/home/may/ros2_study/ros2_ws/build/my_robot_description': CMAKE_PREFIX_PATH=${CMAKE_PREFIX_PATH}:/home/may/ros2_ws/install/my_py_pkg:/opt/ros/jazzy DEBUGINFOD_URLS=https://debuginfod.ubuntu.com /usr/bin/cmake --build /home/may/ros2_study/ros2_ws/build/my_robot_description -- -j16 -l16
[0.122s] Invoked command in '/home/may/ros2_study/ros2_ws/build/my_robot_description' returned '0': CMAKE_PREFIX_PATH=${CMAKE_PREFIX_PATH}:/home/may/ros2_ws/install/my_py_pkg:/opt/ros/jazzy DEBUGINFOD_URLS=https://debuginfod.ubuntu.com /usr/bin/cmake --build /home/may/ros2_study/ros2_ws/build/my_robot_description -- -j16 -l16
[0.152s] Invoking command in '/home/may/ros2_study/ros2_ws/build/my_robot_description': CMAKE_PREFIX_PATH=${CMAKE_PREFIX_PATH}:/home/may/ros2_ws/install/my_py_pkg:/opt/ros/jazzy DEBUGINFOD_URLS=https://debuginfod.ubuntu.com /usr/bin/cmake --install /home/may/ros2_study/ros2_ws/build/my_robot_description
[0.181s] -- Install configuration: ""
[0.182s] -- Up-to-date: /home/may/ros2_study/ros2_ws/install/my_robot_description/share/my_robot_description//urdf
[0.182s] -- Up-to-date: /home/may/ros2_study/ros2_ws/install/my_robot_description/share/my_robot_description//urdf/my_robot.urdf
[0.182s] -- Up-to-date: /home/may/ros2_study/ros2_ws/install/my_robot_description/share/my_robot_description//launch
[0.182s] -- Up-to-date: /home/may/ros2_study/ros2_ws/install/my_robot_description/share/my_robot_description//launch/display.launch.xml
[0.182s] -- Installing: /home/may/ros2_study/ros2_ws/install/my_robot_description/share/my_robot_description//launch/display.launch.py
[0.183s] -- Up-to-date: /home/may/ros2_study/ros2_ws/install/my_robot_description/share/ament_index/resource_index/package_run_dependencies/my_robot_description
[0.183s] -- Up-to-date: /home/may/ros2_study/ros2_ws/install/my_robot_description/share/ament_index/resource_index/parent_prefix_path/my_robot_description
[0.184s] -- Up-to-date: /home/may/ros2_study/ros2_ws/install/my_robot_description/share/my_robot_description/environment/ament_prefix_path.sh
[0.184s] -- Up-to-date: /home/may/ros2_study/ros2_ws/install/my_robot_description/share/my_robot_description/environment/ament_prefix_path.dsv
[0.185s] -- Up-to-date: /home/may/ros2_study/ros2_ws/install/my_robot_description/share/my_robot_description/environment/path.sh
[0.185s] -- Up-to-date: /home/may/ros2_study/ros2_ws/install/my_robot_description/share/my_robot_description/environment/path.dsv
[0.185s] -- Up-to-date: /home/may/ros2_study/ros2_ws/install/my_robot_description/share/my_robot_description/local_setup.bash
[0.186s] -- Up-to-date: /home/may/ros2_study/ros2_ws/install/my_robot_description/share/my_robot_description/local_setup.sh
[0.186s] -- Up-to-date: /home/may/ros2_study/ros2_ws/install/my_robot_description/share/my_robot_description/local_setup.zsh
[0.186s] -- Up-to-date: /home/may/ros2_study/ros2_ws/install/my_robot_description/share/my_robot_description/local_setup.dsv
[0.186s] -- Installing: /home/may/ros2_study/ros2_ws/install/my_robot_description/share/my_robot_description/package.dsv
[0.186s] -- Up-to-date: /home/may/ros2_study/ros2_ws/install/my_robot_description/share/ament_index/resource_index/packages/my_robot_description
[0.187s] -- Up-to-date: /home/may/ros2_study/ros2_ws/install/my_robot_description/share/my_robot_description/cmake/my_robot_descriptionConfig.cmake
[0.187s] -- Up-to-date: /home/may/ros2_study/ros2_ws/install/my_robot_description/share/my_robot_description/cmake/my_robot_descriptionConfig-version.cmake
[0.187s] -- Up-to-date: /home/may/ros2_study/ros2_ws/install/my_robot_description/share/my_robot_description/package.xml
[0.192s] Invoked command in '/home/may/ros2_study/ros2_ws/build/my_robot_description' returned '0': CMAKE_PREFIX_PATH=${CMAKE_PREFIX_PATH}:/home/may/ros2_ws/install/my_py_pkg:/opt/ros/jazzy DEBUGINFOD_URLS=https://debuginfod.ubuntu.com /usr/bin/cmake --install /home/may/ros2_study/ros2_ws/build/my_robot_description
