[0.017s] Invoking command in '/home/may/ros2_study/ros2_ws/build/my_robot_description': CMAKE_PREFIX_PATH=${CMAKE_PREFIX_PATH}:/home/may/ros2_ws/install/my_py_pkg:/opt/ros/jazzy DEBUGINFOD_URLS=https://debuginfod.ubuntu.com /usr/bin/cmake --build /home/may/ros2_study/ros2_ws/build/my_robot_description -- -j16 -l16
[0.055s] -- Found ament_cmake: 2.5.4 (/opt/ros/jazzy/share/ament_cmake/cmake)
[0.473s] -- Configuring done (0.4s)
[0.477s] -- Generating done (0.0s)
[0.478s] -- Build files have been written to: /home/may/ros2_study/ros2_ws/build/my_robot_description
[0.521s] Invoked command in '/home/may/ros2_study/ros2_ws/build/my_robot_description' returned '0': CMAKE_PREFIX_PATH=${CMAKE_PREFIX_PATH}:/home/may/ros2_ws/install/my_py_pkg:/opt/ros/jazzy DEBUGINFOD_URLS=https://debuginfod.ubuntu.com /usr/bin/cmake --build /home/may/ros2_study/ros2_ws/build/my_robot_description -- -j16 -l16
[0.557s] Invoking command in '/home/may/ros2_study/ros2_ws/build/my_robot_description': CMAKE_PREFIX_PATH=${CMAKE_PREFIX_PATH}:/home/may/ros2_ws/install/my_py_pkg:/opt/ros/jazzy DEBUGINFOD_URLS=https://debuginfod.ubuntu.com /usr/bin/cmake --install /home/may/ros2_study/ros2_ws/build/my_robot_description
[0.583s] -- Install configuration: ""
[0.584s] -- Up-to-date: /home/may/ros2_study/ros2_ws/install/my_robot_description/share/my_robot_description//urdf
[0.585s] -- Up-to-date: /home/may/ros2_study/ros2_ws/install/my_robot_description/share/my_robot_description//urdf/my_robot.urdf
[0.585s] -- Installing: /home/may/ros2_study/ros2_ws/install/my_robot_description/share/my_robot_description//launch
[0.586s] -- Installing: /home/may/ros2_study/ros2_ws/install/my_robot_description/share/my_robot_description//launch/display.launch.xml
[0.586s] -- Up-to-date: /home/may/ros2_study/ros2_ws/install/my_robot_description/share/ament_index/resource_index/package_run_dependencies/my_robot_description
[0.587s] -- Up-to-date: /home/may/ros2_study/ros2_ws/install/my_robot_description/share/ament_index/resource_index/parent_prefix_path/my_robot_description
[0.587s] -- Up-to-date: /home/may/ros2_study/ros2_ws/install/my_robot_description/share/my_robot_description/environment/ament_prefix_path.sh
[0.588s] -- Up-to-date: /home/may/ros2_study/ros2_ws/install/my_robot_description/share/my_robot_description/environment/ament_prefix_path.dsv
[0.588s] -- Up-to-date: /home/may/ros2_study/ros2_ws/install/my_robot_description/share/my_robot_description/environment/path.sh
[0.589s] -- Up-to-date: /home/may/ros2_study/ros2_ws/install/my_robot_description/share/my_robot_description/environment/path.dsv
[0.589s] -- Up-to-date: /home/may/ros2_study/ros2_ws/install/my_robot_description/share/my_robot_description/local_setup.bash
[0.589s] -- Up-to-date: /home/may/ros2_study/ros2_ws/install/my_robot_description/share/my_robot_description/local_setup.sh
[0.589s] -- Up-to-date: /home/may/ros2_study/ros2_ws/install/my_robot_description/share/my_robot_description/local_setup.zsh
[0.590s] -- Up-to-date: /home/may/ros2_study/ros2_ws/install/my_robot_description/share/my_robot_description/local_setup.dsv
[0.590s] -- Up-to-date: /home/may/ros2_study/ros2_ws/install/my_robot_description/share/my_robot_description/package.dsv
[0.590s] -- Up-to-date: /home/may/ros2_study/ros2_ws/install/my_robot_description/share/ament_index/resource_index/packages/my_robot_description
[0.590s] -- Up-to-date: /home/may/ros2_study/ros2_ws/install/my_robot_description/share/my_robot_description/cmake/my_robot_descriptionConfig.cmake
[0.591s] -- Up-to-date: /home/may/ros2_study/ros2_ws/install/my_robot_description/share/my_robot_description/cmake/my_robot_descriptionConfig-version.cmake
[0.591s] -- Up-to-date: /home/may/ros2_study/ros2_ws/install/my_robot_description/share/my_robot_description/package.xml
[0.595s] Invoked command in '/home/may/ros2_study/ros2_ws/build/my_robot_description' returned '0': CMAKE_PREFIX_PATH=${CMAKE_PREFIX_PATH}:/home/may/ros2_ws/install/my_py_pkg:/opt/ros/jazzy DEBUGINFOD_URLS=https://debuginfod.ubuntu.com /usr/bin/cmake --install /home/may/ros2_study/ros2_ws/build/my_robot_description
